{"numFailedTestSuites":7,"numFailedTests":20,"numPassedTestSuites":10,"numPassedTests":42,"numPendingTestSuites":0,"numPendingTests":0,"numRuntimeErrorTestSuites":0,"numTodoTests":0,"numTotalTestSuites":17,"numTotalTests":62,"openHandles":[],"snapshot":{"added":0,"didUpdate":false,"failure":false,"filesAdded":0,"filesRemoved":0,"filesRemovedList":[],"filesUnmatched":0,"filesUpdated":0,"matched":0,"total":0,"unchecked":0,"uncheckedKeysByFile":[],"unmatched":0,"updated":0},"startTime":1783573889849,"success":false,"testResults":[{"assertionResults":[{"ancestorTitles":["TpoStudentsPage"],"duration":449,"failing":false,"failureDetails":[{"name":"TestingLibraryElementError"}],"failureMessages":["TestingLibraryElementError: Found multiple elements with the text: Alice Smith\n\nHere are the matching elements:\n\nIgnored nodes: comments, script, style\n\u001b[36m<p\u001b[39m\n  \u001b[33mclass\u001b[39m=\u001b[32m\"font-bold\"\u001b[39m\n\u001b[36m>\u001b[39m\n  \u001b[0mAlice Smith\u001b[0m\n\u001b[36m</p>\u001b[39m\n\nIgnored nodes: comments, script, style\n\u001b[36m<p\u001b[39m\n  \u001b[33mclass\u001b[39m=\u001b[32m\"font-bold\"\u001b[39m\n\u001b[36m>\u001b[39m\n  \u001b[0mAlice Smith\u001b[0m\n\u001b[36m</p>\u001b[39m\n\n(If this is intentional, then use the `*AllBy*` variant of the query (like `queryAllByText`, `getAllByText`, or `findAllByText`)).\n\nIgnored nodes: comments, script, style\n\u001b[36m<body>\u001b[39m\n  \u001b[36m<div>\u001b[39m\n    \u001b[36m<div\u001b[39m\n      \u001b[33mdata-testid\u001b[39m=\u001b[32m\"tpo-layout\"\u001b[39m\n    \u001b[36m>\u001b[39m\n      \u001b[36m<div\u001b[39m\n        \u001b[33mclass\u001b[39m=\u001b[32m\"flex flex-col sm:flex-row sm:items-center justify-between gap-4 mb-8\"\u001b[39m\n      \u001b[36m>\u001b[39m\n        \u001b[36m<div\u001b[39m\n          \u001b[33mclass\u001b[39m=\u001b[32m\"flex flex-col gap-1\"\u001b[39m\n        \u001b[36m>\u001b[39m\n          \u001b[36m<h1\u001b[39m\n            \u001b[33mclass\u001b[39m=\u001b[32m\"text-2xl sm:text-3xl font-bold tracking-tight\"\u001b[39m\n          \u001b[36m>\u001b[39m\n            \u001b[0mStudents\u001b[0m\n          \u001b[36m</h1>\u001b[39m\n          \u001b[36m<p\u001b[39m\n            \u001b[33mclass\u001b[39m=\u001b[32m\"text-sm sm:text-base text-muted-foreground\"\u001b[39m\n          \u001b[36m>\u001b[39m\n            \u001b[0mManage and track student placement readiness.\u001b[0m\n          \u001b[36m</p>\u001b[39m\n        \u001b[36m</div>\u001b[39m\n        \u001b[36m<div\u001b[39m\n          \u001b[33mclass\u001b[39m=\u001b[32m\"flex items-center gap-3 shrink-0\"\u001b[39m\n        \u001b[36m>\u001b[39m\n          \u001b[36m<button\u001b[39m\n            \u001b[33mclass\u001b[39m=\u001b[32m\"group/button inline-flex items-center justify-center border bg-clip-padding text-sm font-medium whitespace-nowrap transition-all outline-none select-none focus-visible:border-ring focus-visible:ring-3 focus-visible:ring-ring/50 active:not-aria-[haspopup]:translate-y-px disabled:pointer-events-none disabled:opacity-50 aria-invalid:border-destructive aria-invalid:ring-3 aria-invalid:ring-destructive/20 dark:aria-invalid:border-destructive/50 dark:aria-invalid:ring-destructive/40 [&_svg]:pointer-events-none [&_svg]:shrink-0 [&_svg:not([class*='size-'])]:size-4 border-border bg-background hover:bg-muted hover:text-foreground aria-expanded:bg-muted aria-expanded:text-foreground dark:border-input dark:bg-input/30 dark:hover:bg-input/50 h-8 px-2.5 has-data-[icon=inline-end]:pr-2 has-data-[icon=inline-start]:pl-2 gap-2 shrink-0 rounded-xl\"\u001b[39m\n            \u001b[33mdata-slot\u001b[39m=\u001b[32m\"button\"\u001b[39m\n            \u001b[33mtabindex\u001b[39m=\u001b[32m\"0\"\u001b[39m\n            \u001b[33mtype\u001b[39m=\u001b[32m\"button\"\u001b[39m\n          \u001b[36m>\u001b[39m\n            \u001b[36m<svg\u001b[39m\n              \u001b[33maria-hidden\u001b[39m=\u001b[32m\"true\"\u001b[39m\n              \u001b[33mclass\u001b[39m=\u001b[32m\"lucide lucide-download h-4 w-4\"\u001b[39m\n              \u001b[33mfill\u001b[39m=\u001b[32m\"none\"\u001b[39m\n              \u001b[33mheight\u001b[39m=\u001b[32m\"24\"\u001b[39m\n              \u001b[33mstroke\u001b[39m=\u001b[32m\"currentColor\"\u001b[39m\n              \u001b[33mstroke-linecap\u001b[39m=\u001b[32m\"round\"\u001b[39m\n              \u001b[33mstroke-linejoin\u001b[39m=\u001b[32m\"round\"\u001b[39m\n              \u001b[33mstroke-width\u001b[39m=\u001b[32m\"2\"\u001b[39m\n              \u001b[33mviewBox\u001b[39m=\u001b[32m\"0 0 24 24\"\u001b[39m\n              \u001b[33mwidth\u001b[39m=\u001b[32m\"24\"\u001b[39m\n              \u001b[33mxmlns\u001b[39m=\u001b[32m\"http://www.w3.org/2000/svg\"\u001b[39m\n            \u001b[36m>\u001b[39m\n              \u001b[36m<path\u001b[39m\n                \u001b[33md\u001b[39m=\u001b[32m\"M12 15V3\"\u001b[39m\n              \u001b[36m/>\u001b[39m\n              \u001b[36m<path\u001b[39m\n                \u001b[33md\u001b[39m=\u001b[32m\"M21 15v4a2 2 0 0 1-2 2H5a2 2 0 0 1-2-2v-4\"\u001b[39m\n              \u001b[36m/>\u001b[39m\n              \u001b[36m<path\u001b[39m\n                \u001b[33md\u001b[39m=\u001b[32m\"m7 10 5 5 5-5\"\u001b[39m\n              \u001b[36m/>\u001b[39m\n            \u001b[36m</svg>\u001b[39m\n            \u001b[0m Export List\u001b[0m\n          \u001b[36m</button>\u001b[39m\n        \u001b[36m</div>\u001b[39m\n      \u001b[36m</div>\u001b[39m\n      \u001b[36m<div\u001b[39m\n        \u001b[33mclass\u001b[39m=\u001b[32m\"bg-background border rounded-xl shadow-sm flex flex-col overflow-hidden\"\u001b[39m\n      \u001b[36m>\u001b[39m\n        \u001b[36m<div\u001b[39m\n          \u001b[33mclass\u001b[39m=\u001b[32m\"p-4 border-b flex flex-col sm:flex-row items-center gap-4 justify-between bg-surface/50\"\u001b[39m\n        \u001b[36m>\u001b[39m\n          \u001b[36m<div\u001b[39m\n            \u001b[33mclass\u001b[39m=\u001b[32m\"relative w-full sm:max-w-md\"\u001b[39m\n          \u001b[36m>\u001b[39m\n            \u001b[36m<svg\u001b[39m\n              \u001b[33maria-hidden\u001b[39m=\u001b[32m\"true\"\u001b[39m\n              \u001b[33mclass\u001b[39m=\u001b[32m\"lucide lucide-search absolute left-3 top-1/2 -translate-y-1/2 h-4 w-4 text-muted-foreground\"\u001b[39m\n              \u001b[33mfill\u001b[39m=\u001b[32m\"none\"\u001b[39m\n              \u001b[33mheight\u001b[39m=\u001b[32m\"24\"\u001b[39m\n              \u001b[33mstroke\u001b[39m=\u001b[32m\"currentColor\"\u001b[39m\n              \u001b[33mstroke-linecap\u001b[39m=\u001b[32m\"round\"\u001b[39m\n              \u001b[33mstroke-linejoin\u001b[39m=\u001b[32m\"round\"\u001b[39m\n              \u001b[33mstroke-width\u001b[39m=\u001b[32m\"2\"\u001b[39m\n              \u001b[33mviewBox\u001b[39m=\u001b[32m\"0 0 24 24\"\u001b[39m\n              \u001b[33mwidth\u001b[39m=\u001b[32m\"24\"\u001b[39m\n              \u001b[33mxmlns\u001b[39m=\u001b[32m\"http://www.w3.org/2000/svg\"\u001b[39m\n            \u001b[36m>\u001b[39m\n              \u001b[36m<path\u001b[39m\n                \u001b[33md\u001b[39m=\u001b[32m\"m21 21-4.34-4.34\"\u001b[39m\n              \u001b[36m/>\u001b[39m\n              \u001b[36m<circle\u001b[39m\n                \u001b[33mcx\u001b[39m=\u001b[32m\"11\"\u001b[39m\n                \u001b[33mcy\u001b[39m=\u001b[32m\"11\"\u001b[39m\n                \u001b[33mr\u001b[39m=\u001b[32m\"8\"\u001b[39m\n              \u001b[36m/>\u001b[39m\n            \u001b[36m</svg>\u001b[39m\n            \u001b[36m<input\u001b[39m\n              \u001b[33maria-label\u001b[39m=\u001b[32m\"Search students\"\u001b[39m\n              \u001b[33mclass\u001b[39m=\u001b[32m\"w-full min-w-0 border border-input bg-transparent px-2.5 py-1 text-base transition-colors outline-none file:inline-flex file:h-6 file:border-0 file:bg-transparent file:text-sm file:font-medium file:text-foreground placeholder:text-muted-foreground focus-visible:border-ring focus-visible:ring-3 focus-visible:ring-ring/50 disabled:pointer-events-none disabled:cursor-not-allowed disabled:bg-input/50 disabled:opacity-50 aria-invalid:border-destructive aria-invalid:ring-3 aria-invalid:ring-destructive/20 md:text-sm dark:bg-input/30 dark:disabled:bg-input/80 dark:aria-invalid:border-destructive/50 dark:aria-invalid:ring-destructive/40 pl-9 h-11 sm:h-10 rounded-xl\"\u001b[39m\n              \u001b[33mdata-slot\u001b[39m=\u001b[32m\"input\"\u001b[39m\n              \u001b[33mid\u001b[39m=\u001b[32m\"base-ui-_r_0_\"\u001b[39m\n              \u001b[33mplaceholder\u001b[39m=\u001b[32m\"Search by name, email, or branch...\"\u001b[39m\n              \u001b[33mvalue\u001b[39m=\u001b[32m\"\"\u001b[39m\n            \u001b[36m/>\u001b[39m\n          \u001b[36m</div>\u001b[39m\n          \u001b[36m<div\u001b[39m\n            \u001b[33mclass\u001b[39m=\u001b[32m\"flex flex-wrap items-center gap-2 w-full sm:w-auto\"\u001b[39m\n          \u001b[36m>\u001b[39m\n            \u001b[36m<select\u001b[39m\n              \u001b[33maria-label\u001b[39m=\u001b[32m\"Filter by branch\"\u001b[39m\n              \u001b[33mclass\u001b[39m=\u001b[32m\"h-11 sm:h-10 w-full sm:w-auto rounded-xl border bg-background px-3 py-1 text-sm shadow-sm focus-visible:outline-none focus-visible:ring-2 focus-visible:ring-primary\"\u001b[39m\n            \u001b[36m>\u001b[39m\n              \u001b[36m<option>\u001b[39m\n                \u001b[0mAll Branches\u001b[0m\n              \u001b[36m</option>\u001b[39m\n              \u001b[36m<option>\u001b[39m\n                \u001b[0mComputer Science\u001b[0m\n              \u001b[36m</option>\u001b[39m\n              \u001b[36m<option>\u001b[39m\n                \u001b[0mInformation Technology\u001b[0m\n              \u001b[36m</option>\u001b[39m\n              \u001b[36m<option>\u001b[39m\n                \u001b[0mElectronics\u001b[0m\n              \u001b[36m</option>\u001b[39m\n              \u001b[36m<option>\u001b[39m\n                \u001b[0mMechanical\u001b[0m\n              \u001b[36m</option>\u001b[39m\n            \u001b[36m</select>\u001b[39m\n            \u001b[36m<select\u001b[39m\n              \u001b[33maria-label\u001b[39m=\u001b[32m\"Filter by status\"\u001b[39m\n              \u001b[33mclass\u001b[39m=\u001b[32m\"h-11 sm:h-10 w-full sm:w-auto rounded-xl border bg-background px-3 py-1 text-sm shadow-sm focus-visible:outline-none focus-visible:ring-...\n    at Object.getElementError (/Users/kirankishanraokendre/Documents/PROJECTS/Kredl/node_modules/.pnpm/@testing-library+dom@10.4.1/node_modules/@testing-library/dom/dist/config.js:37:19)\n    at getElementError (/Users/kirankishanraokendre/Documents/PROJECTS/Kredl/node_modules/.pnpm/@testing-library+dom@10.4.1/node_modules/@testing-library/dom/dist/query-helpers.js:20:35)\n    at getMultipleElementsFoundError (/Users/kirankishanraokendre/Documents/PROJECTS/Kredl/node_modules/.pnpm/@testing-library+dom@10.4.1/node_modules/@testing-library/dom/dist/query-helpers.js:23:10)\n    at /Users/kirankishanraokendre/Documents/PROJECTS/Kredl/node_modules/.pnpm/@testing-library+dom@10.4.1/node_modules/@testing-library/dom/dist/query-helpers.js:55:13\n    at /Users/kirankishanraokendre/Documents/PROJECTS/Kredl/node_modules/.pnpm/@testing-library+dom@10.4.1/node_modules/@testing-library/dom/dist/query-helpers.js:95:19\n    at Object.getByText (/Users/kirankishanraokendre/Documents/PROJECTS/Kredl/src/app/tpo/students/students.test.tsx:45:19)\n    at Promise.finally.completed (/Users/kirankishanraokendre/Documents/PROJECTS/Kredl/node_modules/.pnpm/jest-circus@30.4.2/node_modules/jest-circus/build/jestAdapterInit.js:1561:28)\n    at new Promise (<anonymous>)\n    at callAsyncCircusFn (/Users/kirankishanraokendre/Documents/PROJECTS/Kredl/node_modules/.pnpm/jest-circus@30.4.2/node_modules/jest-circus/build/jestAdapterInit.js:1501:10)\n    at _callCircusTest (/Users/kirankishanraokendre/Documents/PROJECTS/Kredl/node_modules/.pnpm/jest-circus@30.4.2/node_modules/jest-circus/build/jestAdapterInit.js:1011:40)\n    at processTicksAndRejections (node:internal/process/task_queues:95:5)\n    at _runTest (/Users/kirankishanraokendre/Documents/PROJECTS/Kredl/node_modules/.pnpm/jest-circus@30.4.2/node_modules/jest-circus/build/jestAdapterInit.js:951:3)\n    at /Users/kirankishanraokendre/Documents/PROJECTS/Kredl/node_modules/.pnpm/jest-circus@30.4.2/node_modules/jest-circus/build/jestAdapterInit.js:853:7\n    at _runTestsForDescribeBlock (/Users/kirankishanraokendre/Documents/PROJECTS/Kredl/node_modules/.pnpm/jest-circus@30.4.2/node_modules/jest-circus/build/jestAdapterInit.js:866:11)\n    at _runTestsForDescribeBlock (/Users/kirankishanraokendre/Documents/PROJECTS/Kredl/node_modules/.pnpm/jest-circus@30.4.2/node_modules/jest-circus/build/jestAdapterInit.js:861:11)\n    at run (/Users/kirankishanraokendre/Documents/PROJECTS/Kredl/node_modules/.pnpm/jest-circus@30.4.2/node_modules/jest-circus/build/jestAdapterInit.js:765:3)\n    at runAndTransformResultsToJestFormat (/Users/kirankishanraokendre/Documents/PROJECTS/Kredl/node_modules/.pnpm/jest-circus@30.4.2/node_modules/jest-circus/build/jestAdapterInit.js:1993:21)\n    at jestAdapter (/Users/kirankishanraokendre/Documents/PROJECTS/Kredl/node_modules/.pnpm/jest-circus@30.4.2/node_modules/jest-circus/build/runner.js:111:19)\n    at runTestInternal (/Users/kirankishanraokendre/Documents/PROJECTS/Kredl/node_modules/.pnpm/jest-runner@30.4.2/node_modules/jest-runner/build/testWorker.js:276:16)\n    at runTest (/Users/kirankishanraokendre/Documents/PROJECTS/Kredl/node_modules/.pnpm/jest-runner@30.4.2/node_modules/jest-runner/build/testWorker.js:344:7)\n    at Object.worker (/Users/kirankishanraokendre/Documents/PROJECTS/Kredl/node_modules/.pnpm/jest-runner@30.4.2/node_modules/jest-runner/build/testWorker.js:498:12)"],"fullName":"TpoStudentsPage renders the students page with initial mock data","invocations":1,"location":null,"numPassingAsserts":1,"retryReasons":[],"startAt":1783573893701,"status":"failed","title":"renders the students page with initial mock data"},{"ancestorTitles":["TpoStudentsPage"],"duration":447,"failing":false,"failureDetails":[{"name":"TestingLibraryElementError"}],"failureMessages":["TestingLibraryElementError: Found multiple elements with the text: Alice Smith\n\nHere are the matching elements:\n\nIgnored nodes: comments, script, style\n\u001b[36m<p\u001b[39m\n  \u001b[33mclass\u001b[39m=\u001b[32m\"font-bold\"\u001b[39m\n\u001b[36m>\u001b[39m\n  \u001b[0mAlice Smith\u001b[0m\n\u001b[36m</p>\u001b[39m\n\nIgnored nodes: comments, script, style\n\u001b[36m<p\u001b[39m\n  \u001b[33mclass\u001b[39m=\u001b[32m\"font-bold\"\u001b[39m\n\u001b[36m>\u001b[39m\n  \u001b[0mAlice Smith\u001b[0m\n\u001b[36m</p>\u001b[39m\n\n(If this is intentional, then use the `*AllBy*` variant of the query (like `queryAllByText`, `getAllByText`, or `findAllByText`)).\n\nIgnored nodes: comments, script, style\n\u001b[36m<body>\u001b[39m\n  \u001b[36m<div>\u001b[39m\n    \u001b[36m<div\u001b[39m\n      \u001b[33mdata-testid\u001b[39m=\u001b[32m\"tpo-layout\"\u001b[39m\n    \u001b[36m>\u001b[39m\n      \u001b[36m<div\u001b[39m\n        \u001b[33mclass\u001b[39m=\u001b[32m\"flex flex-col sm:flex-row sm:items-center justify-between gap-4 mb-8\"\u001b[39m\n      \u001b[36m>\u001b[39m\n        \u001b[36m<div\u001b[39m\n          \u001b[33mclass\u001b[39m=\u001b[32m\"flex flex-col gap-1\"\u001b[39m\n        \u001b[36m>\u001b[39m\n          \u001b[36m<h1\u001b[39m\n            \u001b[33mclass\u001b[39m=\u001b[32m\"text-2xl sm:text-3xl font-bold tracking-tight\"\u001b[39m\n          \u001b[36m>\u001b[39m\n            \u001b[0mStudents\u001b[0m\n          \u001b[36m</h1>\u001b[39m\n          \u001b[36m<p\u001b[39m\n            \u001b[33mclass\u001b[39m=\u001b[32m\"text-sm sm:text-base text-muted-foreground\"\u001b[39m\n          \u001b[36m>\u001b[39m\n            \u001b[0mManage and track student placement readiness.\u001b[0m\n          \u001b[36m</p>\u001b[39m\n        \u001b[36m</div>\u001b[39m\n        \u001b[36m<div\u001b[39m\n          \u001b[33mclass\u001b[39m=\u001b[32m\"flex items-center gap-3 shrink-0\"\u001b[39m\n        \u001b[36m>\u001b[39m\n          \u001b[36m<button\u001b[39m\n            \u001b[33mclass\u001b[39m=\u001b[32m\"group/button inline-flex items-center justify-center border bg-clip-padding text-sm font-medium whitespace-nowrap transition-all outline-none select-none focus-visible:border-ring focus-visible:ring-3 focus-visible:ring-ring/50 active:not-aria-[haspopup]:translate-y-px disabled:pointer-events-none disabled:opacity-50 aria-invalid:border-destructive aria-invalid:ring-3 aria-invalid:ring-destructive/20 dark:aria-invalid:border-destructive/50 dark:aria-invalid:ring-destructive/40 [&_svg]:pointer-events-none [&_svg]:shrink-0 [&_svg:not([class*='size-'])]:size-4 border-border bg-background hover:bg-muted hover:text-foreground aria-expanded:bg-muted aria-expanded:text-foreground dark:border-input dark:bg-input/30 dark:hover:bg-input/50 h-8 px-2.5 has-data-[icon=inline-end]:pr-2 has-data-[icon=inline-start]:pl-2 gap-2 shrink-0 rounded-xl\"\u001b[39m\n            \u001b[33mdata-slot\u001b[39m=\u001b[32m\"button\"\u001b[39m\n            \u001b[33mtabindex\u001b[39m=\u001b[32m\"0\"\u001b[39m\n            \u001b[33mtype\u001b[39m=\u001b[32m\"button\"\u001b[39m\n          \u001b[36m>\u001b[39m\n            \u001b[36m<svg\u001b[39m\n              \u001b[33maria-hidden\u001b[39m=\u001b[32m\"true\"\u001b[39m\n              \u001b[33mclass\u001b[39m=\u001b[32m\"lucide lucide-download h-4 w-4\"\u001b[39m\n              \u001b[33mfill\u001b[39m=\u001b[32m\"none\"\u001b[39m\n              \u001b[33mheight\u001b[39m=\u001b[32m\"24\"\u001b[39m\n              \u001b[33mstroke\u001b[39m=\u001b[32m\"currentColor\"\u001b[39m\n              \u001b[33mstroke-linecap\u001b[39m=\u001b[32m\"round\"\u001b[39m\n              \u001b[33mstroke-linejoin\u001b[39m=\u001b[32m\"round\"\u001b[39m\n              \u001b[33mstroke-width\u001b[39m=\u001b[32m\"2\"\u001b[39m\n              \u001b[33mviewBox\u001b[39m=\u001b[32m\"0 0 24 24\"\u001b[39m\n              \u001b[33mwidth\u001b[39m=\u001b[32m\"24\"\u001b[39m\n              \u001b[33mxmlns\u001b[39m=\u001b[32m\"http://www.w3.org/2000/svg\"\u001b[39m\n            \u001b[36m>\u001b[39m\n              \u001b[36m<path\u001b[39m\n                \u001b[33md\u001b[39m=\u001b[32m\"M12 15V3\"\u001b[39m\n              \u001b[36m/>\u001b[39m\n              \u001b[36m<path\u001b[39m\n                \u001b[33md\u001b[39m=\u001b[32m\"M21 15v4a2 2 0 0 1-2 2H5a2 2 0 0 1-2-2v-4\"\u001b[39m\n              \u001b[36m/>\u001b[39m\n              \u001b[36m<path\u001b[39m\n                \u001b[33md\u001b[39m=\u001b[32m\"m7 10 5 5 5-5\"\u001b[39m\n              \u001b[36m/>\u001b[39m\n            \u001b[36m</svg>\u001b[39m\n            \u001b[0m Export List\u001b[0m\n          \u001b[36m</button>\u001b[39m\n        \u001b[36m</div>\u001b[39m\n      \u001b[36m</div>\u001b[39m\n      \u001b[36m<div\u001b[39m\n        \u001b[33mclass\u001b[39m=\u001b[32m\"bg-background border rounded-xl shadow-sm flex flex-col overflow-hidden\"\u001b[39m\n      \u001b[36m>\u001b[39m\n        \u001b[36m<div\u001b[39m\n          \u001b[33mclass\u001b[39m=\u001b[32m\"p-4 border-b flex flex-col sm:flex-row items-center gap-4 justify-between bg-surface/50\"\u001b[39m\n        \u001b[36m>\u001b[39m\n          \u001b[36m<div\u001b[39m\n            \u001b[33mclass\u001b[39m=\u001b[32m\"relative w-full sm:max-w-md\"\u001b[39m\n          \u001b[36m>\u001b[39m\n            \u001b[36m<svg\u001b[39m\n              \u001b[33maria-hidden\u001b[39m=\u001b[32m\"true\"\u001b[39m\n              \u001b[33mclass\u001b[39m=\u001b[32m\"lucide lucide-search absolute left-3 top-1/2 -translate-y-1/2 h-4 w-4 text-muted-foreground\"\u001b[39m\n              \u001b[33mfill\u001b[39m=\u001b[32m\"none\"\u001b[39m\n              \u001b[33mheight\u001b[39m=\u001b[32m\"24\"\u001b[39m\n              \u001b[33mstroke\u001b[39m=\u001b[32m\"currentColor\"\u001b[39m\n              \u001b[33mstroke-linecap\u001b[39m=\u001b[32m\"round\"\u001b[39m\n              \u001b[33mstroke-linejoin\u001b[39m=\u001b[32m\"round\"\u001b[39m\n              \u001b[33mstroke-width\u001b[39m=\u001b[32m\"2\"\u001b[39m\n              \u001b[33mviewBox\u001b[39m=\u001b[32m\"0 0 24 24\"\u001b[39m\n              \u001b[33mwidth\u001b[39m=\u001b[32m\"24\"\u001b[39m\n              \u001b[33mxmlns\u001b[39m=\u001b[32m\"http://www.w3.org/2000/svg\"\u001b[39m\n            \u001b[36m>\u001b[39m\n              \u001b[36m<path\u001b[39m\n                \u001b[33md\u001b[39m=\u001b[32m\"m21 21-4.34-4.34\"\u001b[39m\n              \u001b[36m/>\u001b[39m\n              \u001b[36m<circle\u001b[39m\n                \u001b[33mcx\u001b[39m=\u001b[32m\"11\"\u001b[39m\n                \u001b[33mcy\u001b[39m=\u001b[32m\"11\"\u001b[39m\n                \u001b[33mr\u001b[39m=\u001b[32m\"8\"\u001b[39m\n              \u001b[36m/>\u001b[39m\n            \u001b[36m</svg>\u001b[39m\n            \u001b[36m<input\u001b[39m\n              \u001b[33maria-label\u001b[39m=\u001b[32m\"Search students\"\u001b[39m\n              \u001b[33mclass\u001b[39m=\u001b[32m\"w-full min-w-0 border border-input bg-transparent px-2.5 py-1 text-base transition-colors outline-none file:inline-flex file:h-6 file:border-0 file:bg-transparent file:text-sm file:font-medium file:text-foreground placeholder:text-muted-foreground focus-visible:border-ring focus-visible:ring-3 focus-visible:ring-ring/50 disabled:pointer-events-none disabled:cursor-not-allowed disabled:bg-input/50 disabled:opacity-50 aria-invalid:border-destructive aria-invalid:ring-3 aria-invalid:ring-destructive/20 md:text-sm dark:bg-input/30 dark:disabled:bg-input/80 dark:aria-invalid:border-destructive/50 dark:aria-invalid:ring-destructive/40 pl-9 h-11 sm:h-10 rounded-xl\"\u001b[39m\n              \u001b[33mdata-slot\u001b[39m=\u001b[32m\"input\"\u001b[39m\n              \u001b[33mid\u001b[39m=\u001b[32m\"base-ui-_r_1_\"\u001b[39m\n              \u001b[33mplaceholder\u001b[39m=\u001b[32m\"Search by name, email, or branch...\"\u001b[39m\n              \u001b[33mvalue\u001b[39m=\u001b[32m\"Alice\"\u001b[39m\n            \u001b[36m/>\u001b[39m\n          \u001b[36m</div>\u001b[39m\n          \u001b[36m<div\u001b[39m\n            \u001b[33mclass\u001b[39m=\u001b[32m\"flex flex-wrap items-center gap-2 w-full sm:w-auto\"\u001b[39m\n          \u001b[36m>\u001b[39m\n            \u001b[36m<select\u001b[39m\n              \u001b[33maria-label\u001b[39m=\u001b[32m\"Filter by branch\"\u001b[39m\n              \u001b[33mclass\u001b[39m=\u001b[32m\"h-11 sm:h-10 w-full sm:w-auto rounded-xl border bg-background px-3 py-1 text-sm shadow-sm focus-visible:outline-none focus-visible:ring-2 focus-visible:ring-primary\"\u001b[39m\n            \u001b[36m>\u001b[39m\n              \u001b[36m<option>\u001b[39m\n                \u001b[0mAll Branches\u001b[0m\n              \u001b[36m</option>\u001b[39m\n              \u001b[36m<option>\u001b[39m\n                \u001b[0mComputer Science\u001b[0m\n              \u001b[36m</option>\u001b[39m\n              \u001b[36m<option>\u001b[39m\n                \u001b[0mInformation Technology\u001b[0m\n              \u001b[36m</option>\u001b[39m\n              \u001b[36m<option>\u001b[39m\n                \u001b[0mElectronics\u001b[0m\n              \u001b[36m</option>\u001b[39m\n              \u001b[36m<option>\u001b[39m\n                \u001b[0mMechanical\u001b[0m\n              \u001b[36m</option>\u001b[39m\n            \u001b[36m</select>\u001b[39m\n            \u001b[36m<select\u001b[39m\n              \u001b[33maria-label\u001b[39m=\u001b[32m\"Filter by status\"\u001b[39m\n              \u001b[33mclass\u001b[39m=\u001b[32m\"h-11 sm:h-10 w-full sm:w-auto rounded-xl border bg-background px-3 py-1 text-sm shadow-sm focus-visible:outline-none focus-visible:...\n    at Object.getElementError (/Users/kirankishanraokendre/Documents/PROJECTS/Kredl/node_modules/.pnpm/@testing-library+dom@10.4.1/node_modules/@testing-library/dom/dist/config.js:37:19)\n    at getElementError (/Users/kirankishanraokendre/Documents/PROJECTS/Kredl/node_modules/.pnpm/@testing-library+dom@10.4.1/node_modules/@testing-library/dom/dist/query-helpers.js:20:35)\n    at getMultipleElementsFoundError (/Users/kirankishanraokendre/Documents/PROJECTS/Kredl/node_modules/.pnpm/@testing-library+dom@10.4.1/node_modules/@testing-library/dom/dist/query-helpers.js:23:10)\n    at /Users/kirankishanraokendre/Documents/PROJECTS/Kredl/node_modules/.pnpm/@testing-library+dom@10.4.1/node_modules/@testing-library/dom/dist/query-helpers.js:55:13\n    at /Users/kirankishanraokendre/Documents/PROJECTS/Kredl/node_modules/.pnpm/@testing-library+dom@10.4.1/node_modules/@testing-library/dom/dist/query-helpers.js:95:19\n    at Object.getByText (/Users/kirankishanraokendre/Documents/PROJECTS/Kredl/src/app/tpo/students/students.test.tsx:57:19)"],"fullName":"TpoStudentsPage filters students by search query (name, email, or branch)","invocations":1,"location":null,"numPassingAsserts":0,"retryReasons":[],"startAt":1783573894164,"status":"failed","title":"filters students by search query (name, email, or branch)"},{"ancestorTitles":["TpoStudentsPage"],"duration":989,"failing":false,"failureDetails":[{"name":"TestingLibraryElementError"}],"failureMessages":["TestingLibraryElementError: Found multiple elements with the text: Alice Smith\n\nHere are the matching elements:\n\nIgnored nodes: comments, script, style\n\u001b[36m<p\u001b[39m\n  \u001b[33mclass\u001b[39m=\u001b[32m\"font-bold\"\u001b[39m\n\u001b[36m>\u001b[39m\n  \u001b[0mAlice Smith\u001b[0m\n\u001b[36m</p>\u001b[39m\n\nIgnored nodes: comments, script, style\n\u001b[36m<p\u001b[39m\n  \u001b[33mclass\u001b[39m=\u001b[32m\"font-bold\"\u001b[39m\n\u001b[36m>\u001b[39m\n  \u001b[0mAlice Smith\u001b[0m\n\u001b[36m</p>\u001b[39m\n\n(If this is intentional, then use the `*AllBy*` variant of the query (like `queryAllByText`, `getAllByText`, or `findAllByText`)).\n\nIgnored nodes: comments, script, style\n\u001b[36m<body>\u001b[39m\n  \u001b[36m<div>\u001b[39m\n    \u001b[36m<div\u001b[39m\n      \u001b[33mdata-testid\u001b[39m=\u001b[32m\"tpo-layout\"\u001b[39m\n    \u001b[36m>\u001b[39m\n      \u001b[36m<div\u001b[39m\n        \u001b[33mclass\u001b[39m=\u001b[32m\"flex flex-col sm:flex-row sm:items-center justify-between gap-4 mb-8\"\u001b[39m\n      \u001b[36m>\u001b[39m\n        \u001b[36m<div\u001b[39m\n          \u001b[33mclass\u001b[39m=\u001b[32m\"flex flex-col gap-1\"\u001b[39m\n        \u001b[36m>\u001b[39m\n          \u001b[36m<h1\u001b[39m\n            \u001b[33mclass\u001b[39m=\u001b[32m\"text-2xl sm:text-3xl font-bold tracking-tight\"\u001b[39m\n          \u001b[36m>\u001b[39m\n            \u001b[0mStudents\u001b[0m\n          \u001b[36m</h1>\u001b[39m\n          \u001b[36m<p\u001b[39m\n            \u001b[33mclass\u001b[39m=\u001b[32m\"text-sm sm:text-base text-muted-foreground\"\u001b[39m\n          \u001b[36m>\u001b[39m\n            \u001b[0mManage and track student placement readiness.\u001b[0m\n          \u001b[36m</p>\u001b[39m\n        \u001b[36m</div>\u001b[39m\n        \u001b[36m<div\u001b[39m\n          \u001b[33mclass\u001b[39m=\u001b[32m\"flex items-center gap-3 shrink-0\"\u001b[39m\n        \u001b[36m>\u001b[39m\n          \u001b[36m<button\u001b[39m\n            \u001b[33mclass\u001b[39m=\u001b[32m\"group/button inline-flex items-center justify-center border bg-clip-padding text-sm font-medium whitespace-nowrap transition-all outline-none select-none focus-visible:border-ring focus-visible:ring-3 focus-visible:ring-ring/50 active:not-aria-[haspopup]:translate-y-px disabled:pointer-events-none disabled:opacity-50 aria-invalid:border-destructive aria-invalid:ring-3 aria-invalid:ring-destructive/20 dark:aria-invalid:border-destructive/50 dark:aria-invalid:ring-destructive/40 [&_svg]:pointer-events-none [&_svg]:shrink-0 [&_svg:not([class*='size-'])]:size-4 border-border bg-background hover:bg-muted hover:text-foreground aria-expanded:bg-muted aria-expanded:text-foreground dark:border-input dark:bg-input/30 dark:hover:bg-input/50 h-8 px-2.5 has-data-[icon=inline-end]:pr-2 has-data-[icon=inline-start]:pl-2 gap-2 shrink-0 rounded-xl\"\u001b[39m\n            \u001b[33mdata-slot\u001b[39m=\u001b[32m\"button\"\u001b[39m\n            \u001b[33mtabindex\u001b[39m=\u001b[32m\"0\"\u001b[39m\n            \u001b[33mtype\u001b[39m=\u001b[32m\"button\"\u001b[39m\n          \u001b[36m>\u001b[39m\n            \u001b[36m<svg\u001b[39m\n              \u001b[33maria-hidden\u001b[39m=\u001b[32m\"true\"\u001b[39m\n              \u001b[33mclass\u001b[39m=\u001b[32m\"lucide lucide-download h-4 w-4\"\u001b[39m\n              \u001b[33mfill\u001b[39m=\u001b[32m\"none\"\u001b[39m\n              \u001b[33mheight\u001b[39m=\u001b[32m\"24\"\u001b[39m\n              \u001b[33mstroke\u001b[39m=\u001b[32m\"currentColor\"\u001b[39m\n              \u001b[33mstroke-linecap\u001b[39m=\u001b[32m\"round\"\u001b[39m\n              \u001b[33mstroke-linejoin\u001b[39m=\u001b[32m\"round\"\u001b[39m\n              \u001b[33mstroke-width\u001b[39m=\u001b[32m\"2\"\u001b[39m\n              \u001b[33mviewBox\u001b[39m=\u001b[32m\"0 0 24 24\"\u001b[39m\n              \u001b[33mwidth\u001b[39m=\u001b[32m\"24\"\u001b[39m\n              \u001b[33mxmlns\u001b[39m=\u001b[32m\"http://www.w3.org/2000/svg\"\u001b[39m\n            \u001b[36m>\u001b[39m\n              \u001b[36m<path\u001b[39m\n                \u001b[33md\u001b[39m=\u001b[32m\"M12 15V3\"\u001b[39m\n              \u001b[36m/>\u001b[39m\n              \u001b[36m<path\u001b[39m\n                \u001b[33md\u001b[39m=\u001b[32m\"M21 15v4a2 2 0 0 1-2 2H5a2 2 0 0 1-2-2v-4\"\u001b[39m\n              \u001b[36m/>\u001b[39m\n              \u001b[36m<path\u001b[39m\n                \u001b[33md\u001b[39m=\u001b[32m\"m7 10 5 5 5-5\"\u001b[39m\n              \u001b[36m/>\u001b[39m\n            \u001b[36m</svg>\u001b[39m\n            \u001b[0m Export List\u001b[0m\n          \u001b[36m</button>\u001b[39m\n        \u001b[36m</div>\u001b[39m\n      \u001b[36m</div>\u001b[39m\n      \u001b[36m<div\u001b[39m\n        \u001b[33mclass\u001b[39m=\u001b[32m\"bg-background border rounded-xl shadow-sm flex flex-col overflow-hidden\"\u001b[39m\n      \u001b[36m>\u001b[39m\n        \u001b[36m<div\u001b[39m\n          \u001b[33mclass\u001b[39m=\u001b[32m\"p-4 border-b flex flex-col sm:flex-row items-center gap-4 justify-between bg-surface/50\"\u001b[39m\n        \u001b[36m>\u001b[39m\n          \u001b[36m<div\u001b[39m\n            \u001b[33mclass\u001b[39m=\u001b[32m\"relative w-full sm:max-w-md\"\u001b[39m\n          \u001b[36m>\u001b[39m\n            \u001b[36m<svg\u001b[39m\n              \u001b[33maria-hidden\u001b[39m=\u001b[32m\"true\"\u001b[39m\n              \u001b[33mclass\u001b[39m=\u001b[32m\"lucide lucide-search absolute left-3 top-1/2 -translate-y-1/2 h-4 w-4 text-muted-foreground\"\u001b[39m\n              \u001b[33mfill\u001b[39m=\u001b[32m\"none\"\u001b[39m\n              \u001b[33mheight\u001b[39m=\u001b[32m\"24\"\u001b[39m\n              \u001b[33mstroke\u001b[39m=\u001b[32m\"currentColor\"\u001b[39m\n              \u001b[33mstroke-linecap\u001b[39m=\u001b[32m\"round\"\u001b[39m\n              \u001b[33mstroke-linejoin\u001b[39m=\u001b[32m\"round\"\u001b[39m\n              \u001b[33mstroke-width\u001b[39m=\u001b[32m\"2\"\u001b[39m\n              \u001b[33mviewBox\u001b[39m=\u001b[32m\"0 0 24 24\"\u001b[39m\n              \u001b[33mwidth\u001b[39m=\u001b[32m\"24\"\u001b[39m\n              \u001b[33mxmlns\u001b[39m=\u001b[32m\"http://www.w3.org/2000/svg\"\u001b[39m\n            \u001b[36m>\u001b[39m\n              \u001b[36m<path\u001b[39m\n                \u001b[33md\u001b[39m=\u001b[32m\"m21 21-4.34-4.34\"\u001b[39m\n              \u001b[36m/>\u001b[39m\n              \u001b[36m<circle\u001b[39m\n                \u001b[33mcx\u001b[39m=\u001b[32m\"11\"\u001b[39m\n                \u001b[33mcy\u001b[39m=\u001b[32m\"11\"\u001b[39m\n                \u001b[33mr\u001b[39m=\u001b[32m\"8\"\u001b[39m\n              \u001b[36m/>\u001b[39m\n            \u001b[36m</svg>\u001b[39m\n            \u001b[36m<input\u001b[39m\n              \u001b[33maria-label\u001b[39m=\u001b[32m\"Search students\"\u001b[39m\n              \u001b[33mclass\u001b[39m=\u001b[32m\"w-full min-w-0 border border-input bg-transparent px-2.5 py-1 text-base transition-colors outline-none file:inline-flex file:h-6 file:border-0 file:bg-transparent file:text-sm file:font-medium file:text-foreground placeholder:text-muted-foreground focus-visible:border-ring focus-visible:ring-3 focus-visible:ring-ring/50 disabled:pointer-events-none disabled:cursor-not-allowed disabled:bg-input/50 disabled:opacity-50 aria-invalid:border-destructive aria-invalid:ring-3 aria-invalid:ring-destructive/20 md:text-sm dark:bg-input/30 dark:disabled:bg-input/80 dark:aria-invalid:border-destructive/50 dark:aria-invalid:ring-destructive/40 pl-9 h-11 sm:h-10 rounded-xl\"\u001b[39m\n              \u001b[33mdata-slot\u001b[39m=\u001b[32m\"input\"\u001b[39m\n              \u001b[33mid\u001b[39m=\u001b[32m\"base-ui-_r_2_\"\u001b[39m\n              \u001b[33mplaceholder\u001b[39m=\u001b[32m\"Search by name, email, or branch...\"\u001b[39m\n              \u001b[33mvalue\u001b[39m=\u001b[32m\"\"\u001b[39m\n            \u001b[36m/>\u001b[39m\n          \u001b[36m</div>\u001b[39m\n          \u001b[36m<div\u001b[39m\n            \u001b[33mclass\u001b[39m=\u001b[32m\"flex flex-wrap items-center gap-2 w-full sm:w-auto\"\u001b[39m\n          \u001b[36m>\u001b[39m\n            \u001b[36m<select\u001b[39m\n              \u001b[33maria-label\u001b[39m=\u001b[32m\"Filter by branch\"\u001b[39m\n              \u001b[33mclass\u001b[39m=\u001b[32m\"h-11 sm:h-10 w-full sm:w-auto rounded-xl border bg-background px-3 py-1 text-sm shadow-sm focus-visible:outline-none focus-visible:ring-2 focus-visible:ring-primary\"\u001b[39m\n            \u001b[36m>\u001b[39m\n              \u001b[36m<option>\u001b[39m\n                \u001b[0mAll Branches\u001b[0m\n              \u001b[36m</option>\u001b[39m\n              \u001b[36m<option>\u001b[39m\n                \u001b[0mComputer Science\u001b[0m\n              \u001b[36m</option>\u001b[39m\n              \u001b[36m<option>\u001b[39m\n                \u001b[0mInformation Technology\u001b[0m\n              \u001b[36m</option>\u001b[39m\n              \u001b[36m<option>\u001b[39m\n                \u001b[0mElectronics\u001b[0m\n              \u001b[36m</option>\u001b[39m\n              \u001b[36m<option>\u001b[39m\n                \u001b[0mMechanical\u001b[0m\n              \u001b[36m</option>\u001b[39m\n            \u001b[36m</select>\u001b[39m\n            \u001b[36m<select\u001b[39m\n              \u001b[33maria-label\u001b[39m=\u001b[32m\"Filter by status\"\u001b[39m\n              \u001b[33mclass\u001b[39m=\u001b[32m\"h-11 sm:h-10 w-full sm:w-auto rounded-xl border bg-background px-3 py-1 text-sm shadow-sm focus-visible:outline-none focus-visible:ring-...\n    at Object.getElementError (/Users/kirankishanraokendre/Documents/PROJECTS/Kredl/node_modules/.pnpm/@testing-library+dom@10.4.1/node_modules/@testing-library/dom/dist/config.js:37:19)\n    at getElementError (/Users/kirankishanraokendre/Documents/PROJECTS/Kredl/node_modules/.pnpm/@testing-library+dom@10.4.1/node_modules/@testing-library/dom/dist/query-helpers.js:20:35)\n    at getMultipleElementsFoundError (/Users/kirankishanraokendre/Documents/PROJECTS/Kredl/node_modules/.pnpm/@testing-library+dom@10.4.1/node_modules/@testing-library/dom/dist/query-helpers.js:23:10)\n    at /Users/kirankishanraokendre/Documents/PROJECTS/Kredl/node_modules/.pnpm/@testing-library+dom@10.4.1/node_modules/@testing-library/dom/dist/query-helpers.js:55:13\n    at /Users/kirankishanraokendre/Documents/PROJECTS/Kredl/node_modules/.pnpm/@testing-library+dom@10.4.1/node_modules/@testing-library/dom/dist/query-helpers.js:95:19\n    at Object.getByText (/Users/kirankishanraokendre/Documents/PROJECTS/Kredl/src/app/tpo/students/students.test.tsx:81:19)"],"fullName":"TpoStudentsPage displays empty state when no students match search criteria","invocations":1,"location":null,"numPassingAsserts":1,"retryReasons":[],"startAt":1783573894612,"status":"failed","title":"displays empty state when no students match search criteria"}],"endTime":1783573895697,"message":"  ● TpoStudentsPage › renders the students page with initial mock data\n\n    TestingLibraryElementError: Found multiple elements with the text: Alice Smith\n\n    Here are the matching elements:\n\n    Ignored nodes: comments, script, style\n    \u001b[36m<p\u001b[39m\n      \u001b[33mclass\u001b[39m=\u001b[32m\"font-bold\"\u001b[39m\n    \u001b[36m>\u001b[39m\n      \u001b[0mAlice Smith\u001b[0m\n    \u001b[36m</p>\u001b[39m\n\n    Ignored nodes: comments, script, style\n    \u001b[36m<p\u001b[39m\n      \u001b[33mclass\u001b[39m=\u001b[32m\"font-bold\"\u001b[39m\n    \u001b[36m>\u001b[39m\n      \u001b[0mAlice Smith\u001b[0m\n    \u001b[36m</p>\u001b[39m\n\n    (If this is intentional, then use the `*AllBy*` variant of the query (like `queryAllByText`, `getAllByText`, or `findAllByText`)).\n\n    Ignored nodes: comments, script, style\n    \u001b[36m<body>\u001b[39m\n      \u001b[36m<div>\u001b[39m\n        \u001b[36m<div\u001b[39m\n          \u001b[33mdata-testid\u001b[39m=\u001b[32m\"tpo-layout\"\u001b[39m\n        \u001b[36m>\u001b[39m\n          \u001b[36m<div\u001b[39m\n            \u001b[33mclass\u001b[39m=\u001b[32m\"flex flex-col sm:flex-row sm:items-center justify-between gap-4 mb-8\"\u001b[39m\n          \u001b[36m>\u001b[39m\n            \u001b[36m<div\u001b[39m\n              \u001b[33mclass\u001b[39m=\u001b[32m\"flex flex-col gap-1\"\u001b[39m\n            \u001b[36m>\u001b[39m\n              \u001b[36m<h1\u001b[39m\n                \u001b[33mclass\u001b[39m=\u001b[32m\"text-2xl sm:text-3xl font-bold tracking-tight\"\u001b[39m\n              \u001b[36m>\u001b[39m\n                \u001b[0mStudents\u001b[0m\n              \u001b[36m</h1>\u001b[39m\n              \u001b[36m<p\u001b[39m\n                \u001b[33mclass\u001b[39m=\u001b[32m\"text-sm sm:text-base text-muted-foreground\"\u001b[39m\n              \u001b[36m>\u001b[39m\n                \u001b[0mManage and track student placement readiness.\u001b[0m\n              \u001b[36m</p>\u001b[39m\n            \u001b[36m</div>\u001b[39m\n            \u001b[36m<div\u001b[39m\n              \u001b[33mclass\u001b[39m=\u001b[32m\"flex items-center gap-3 shrink-0\"\u001b[39m\n            \u001b[36m>\u001b[39m\n              \u001b[36m<button\u001b[39m\n                \u001b[33mclass\u001b[39m=\u001b[32m\"group/button inline-flex items-center justify-center border bg-clip-padding text-sm font-medium whitespace-nowrap transition-all outline-none select-none focus-visible:border-ring focus-visible:ring-3 focus-visible:ring-ring/50 active:not-aria-[haspopup]:translate-y-px disabled:pointer-events-none disabled:opacity-50 aria-invalid:border-destructive aria-invalid:ring-3 aria-invalid:ring-destructive/20 dark:aria-invalid:border-destructive/50 dark:aria-invalid:ring-destructive/40 [&_svg]:pointer-events-none [&_svg]:shrink-0 [&_svg:not([class*='size-'])]:size-4 border-border bg-background hover:bg-muted hover:text-foreground aria-expanded:bg-muted aria-expanded:text-foreground dark:border-input dark:bg-input/30 dark:hover:bg-input/50 h-8 px-2.5 has-data-[icon=inline-end]:pr-2 has-data-[icon=inline-start]:pl-2 gap-2 shrink-0 rounded-xl\"\u001b[39m\n                \u001b[33mdata-slot\u001b[39m=\u001b[32m\"button\"\u001b[39m\n                \u001b[33mtabindex\u001b[39m=\u001b[32m\"0\"\u001b[39m\n                \u001b[33mtype\u001b[39m=\u001b[32m\"button\"\u001b[39m\n              \u001b[36m>\u001b[39m\n                \u001b[36m<svg\u001b[39m\n                  \u001b[33maria-hidden\u001b[39m=\u001b[32m\"true\"\u001b[39m\n                  \u001b[33mclass\u001b[39m=\u001b[32m\"lucide lucide-download h-4 w-4\"\u001b[39m\n                  \u001b[33mfill\u001b[39m=\u001b[32m\"none\"\u001b[39m\n                  \u001b[33mheight\u001b[39m=\u001b[32m\"24\"\u001b[39m\n                  \u001b[33mstroke\u001b[39m=\u001b[32m\"currentColor\"\u001b[39m\n                  \u001b[33mstroke-linecap\u001b[39m=\u001b[32m\"round\"\u001b[39m\n                  \u001b[33mstroke-linejoin\u001b[39m=\u001b[32m\"round\"\u001b[39m\n                  \u001b[33mstroke-width\u001b[39m=\u001b[32m\"2\"\u001b[39m\n                  \u001b[33mviewBox\u001b[39m=\u001b[32m\"0 0 24 24\"\u001b[39m\n                  \u001b[33mwidth\u001b[39m=\u001b[32m\"24\"\u001b[39m\n                  \u001b[33mxmlns\u001b[39m=\u001b[32m\"http://www.w3.org/2000/svg\"\u001b[39m\n                \u001b[36m>\u001b[39m\n                  \u001b[36m<path\u001b[39m\n                    \u001b[33md\u001b[39m=\u001b[32m\"M12 15V3\"\u001b[39m\n                  \u001b[36m/>\u001b[39m\n                  \u001b[36m<path\u001b[39m\n                    \u001b[33md\u001b[39m=\u001b[32m\"M21 15v4a2 2 0 0 1-2 2H5a2 2 0 0 1-2-2v-4\"\u001b[39m\n                  \u001b[36m/>\u001b[39m\n                  \u001b[36m<path\u001b[39m\n                    \u001b[33md\u001b[39m=\u001b[32m\"m7 10 5 5 5-5\"\u001b[39m\n                  \u001b[36m/>\u001b[39m\n                \u001b[36m</svg>\u001b[39m\n                \u001b[0m Export List\u001b[0m\n              \u001b[36m</button>\u001b[39m\n            \u001b[36m</div>\u001b[39m\n          \u001b[36m</div>\u001b[39m\n          \u001b[36m<div\u001b[39m\n            \u001b[33mclass\u001b[39m=\u001b[32m\"bg-background border rounded-xl shadow-sm flex flex-col overflow-hidden\"\u001b[39m\n          \u001b[36m>\u001b[39m\n            \u001b[36m<div\u001b[39m\n              \u001b[33mclass\u001b[39m=\u001b[32m\"p-4 border-b flex flex-col sm:flex-row items-center gap-4 justify-between bg-surface/50\"\u001b[39m\n            \u001b[36m>\u001b[39m\n              \u001b[36m<div\u001b[39m\n                \u001b[33mclass\u001b[39m=\u001b[32m\"relative w-full sm:max-w-md\"\u001b[39m\n              \u001b[36m>\u001b[39m\n                \u001b[36m<svg\u001b[39m\n                  \u001b[33maria-hidden\u001b[39m=\u001b[32m\"true\"\u001b[39m\n                  \u001b[33mclass\u001b[39m=\u001b[32m\"lucide lucide-search absolute left-3 top-1/2 -translate-y-1/2 h-4 w-4 text-muted-foreground\"\u001b[39m\n                  \u001b[33mfill\u001b[39m=\u001b[32m\"none\"\u001b[39m\n                  \u001b[33mheight\u001b[39m=\u001b[32m\"24\"\u001b[39m\n                  \u001b[33mstroke\u001b[39m=\u001b[32m\"currentColor\"\u001b[39m\n                  \u001b[33mstroke-linecap\u001b[39m=\u001b[32m\"round\"\u001b[39m\n                  \u001b[33mstroke-linejoin\u001b[39m=\u001b[32m\"round\"\u001b[39m\n                  \u001b[33mstroke-width\u001b[39m=\u001b[32m\"2\"\u001b[39m\n                  \u001b[33mviewBox\u001b[39m=\u001b[32m\"0 0 24 24\"\u001b[39m\n                  \u001b[33mwidth\u001b[39m=\u001b[32m\"24\"\u001b[39m\n                  \u001b[33mxmlns\u001b[39m=\u001b[32m\"http://www.w3.org/2000/svg\"\u001b[39m\n                \u001b[36m>\u001b[39m\n                  \u001b[36m<path\u001b[39m\n                    \u001b[33md\u001b[39m=\u001b[32m\"m21 21-4.34-4.34\"\u001b[39m\n                  \u001b[36m/>\u001b[39m\n                  \u001b[36m<circle\u001b[39m\n                    \u001b[33mcx\u001b[39m=\u001b[32m\"11\"\u001b[39m\n                    \u001b[33mcy\u001b[39m=\u001b[32m\"11\"\u001b[39m\n                    \u001b[33mr\u001b[39m=\u001b[32m\"8\"\u001b[39m\n                  \u001b[36m/>\u001b[39m\n                \u001b[36m</svg>\u001b[39m\n                \u001b[36m<input\u001b[39m\n                  \u001b[33maria-label\u001b[39m=\u001b[32m\"Search students\"\u001b[39m\n                  \u001b[33mclass\u001b[39m=\u001b[32m\"w-full min-w-0 border border-input bg-transparent px-2.5 py-1 text-base transition-colors outline-none file:inline-flex file:h-6 file:border-0 file:bg-transparent file:text-sm file:font-medium file:text-foreground placeholder:text-muted-foreground focus-visible:border-ring focus-visible:ring-3 focus-visible:ring-ring/50 disabled:pointer-events-none disabled:cursor-not-allowed disabled:bg-input/50 disabled:opacity-50 aria-invalid:border-destructive aria-invalid:ring-3 aria-invalid:ring-destructive/20 md:text-sm dark:bg-input/30 dark:disabled:bg-input/80 dark:aria-invalid:border-destructive/50 dark:aria-invalid:ring-destructive/40 pl-9 h-11 sm:h-10 rounded-xl\"\u001b[39m\n                  \u001b[33mdata-slot\u001b[39m=\u001b[32m\"input\"\u001b[39m\n                  \u001b[33mid\u001b[39m=\u001b[32m\"base-ui-_r_0_\"\u001b[39m\n                  \u001b[33mplaceholder\u001b[39m=\u001b[32m\"Search by name, email, or branch...\"\u001b[39m\n                  \u001b[33mvalue\u001b[39m=\u001b[32m\"\"\u001b[39m\n                \u001b[36m/>\u001b[39m\n              \u001b[36m</div>\u001b[39m\n              \u001b[36m<div\u001b[39m\n                \u001b[33mclass\u001b[39m=\u001b[32m\"flex flex-wrap items-center gap-2 w-full sm:w-auto\"\u001b[39m\n              \u001b[36m>\u001b[39m\n                \u001b[36m<select\u001b[39m\n                  \u001b[33maria-label\u001b[39m=\u001b[32m\"Filter by branch\"\u001b[39m\n                  \u001b[33mclass\u001b[39m=\u001b[32m\"h-11 sm:h-10 w-full sm:w-auto rounded-xl border bg-background px-3 py-1 text-sm shadow-sm focus-visible:outline-none focus-visible:ring-2 focus-visible:ring-primary\"\u001b[39m\n                \u001b[36m>\u001b[39m\n                  \u001b[36m<option>\u001b[39m\n                    \u001b[0mAll Branches\u001b[0m\n                  \u001b[36m</option>\u001b[39m\n                  \u001b[36m<option>\u001b[39m\n                    \u001b[0mComputer Science\u001b[0m\n                  \u001b[36m</option>\u001b[39m\n                  \u001b[36m<option>\u001b[39m\n                    \u001b[0mInformation Technology\u001b[0m\n                  \u001b[36m</option>\u001b[39m\n                  \u001b[36m<option>\u001b[39m\n                    \u001b[0mElectronics\u001b[0m\n                  \u001b[36m</option>\u001b[39m\n                  \u001b[36m<option>\u001b[39m\n                    \u001b[0mMechanical\u001b[0m\n                  \u001b[36m</option>\u001b[39m\n                \u001b[36m</select>\u001b[39m\n                \u001b[36m<select\u001b[39m\n                  \u001b[33maria-label\u001b[39m=\u001b[32m\"Filter by status\"\u001b[39m\n                  \u001b[33mclass\u001b[39m=\u001b[32m\"h-11 sm:h-10 w-full sm:w-auto rounded-xl border bg-background px-3 py-1 text-sm shadow-sm focus-visible:outline-none focus-visible:ring-...\n\n      43 |     \n      44 |     expect(screen.getByText('Students')).toBeInTheDocument();\n    > 45 |     expect(screen.getByText('Alice Smith')).toBeInTheDocument();\n         |                   ^\n      46 |     expect(screen.getByText('Bob Jones')).toBeInTheDocument();\n      47 |   });\n      48 |\n\n      at Object.getElementError (node_modules/.pnpm/@testing-library+dom@10.4.1/node_modules/@testing-library/dom/dist/config.js:37:19)\n      at getElementError (node_modules/.pnpm/@testing-library+dom@10.4.1/node_modules/@testing-library/dom/dist/query-helpers.js:20:35)\n      at getMultipleElementsFoundError (node_modules/.pnpm/@testing-library+dom@10.4.1/node_modules/@testing-library/dom/dist/query-helpers.js:23:10)\n      at node_modules/.pnpm/@testing-library+dom@10.4.1/node_modules/@testing-library/dom/dist/query-helpers.js:55:13\n      at node_modules/.pnpm/@testing-library+dom@10.4.1/node_modules/@testing-library/dom/dist/query-helpers.js:95:19\n      at Object.getByText (src/app/tpo/students/students.test.tsx:45:19)\n\n  ● TpoStudentsPage › filters students by search query (name, email, or branch)\n\n    TestingLibraryElementError: Found multiple elements with the text: Alice Smith\n\n    Here are the matching elements:\n\n    Ignored nodes: comments, script, style\n    \u001b[36m<p\u001b[39m\n      \u001b[33mclass\u001b[39m=\u001b[32m\"font-bold\"\u001b[39m\n    \u001b[36m>\u001b[39m\n      \u001b[0mAlice Smith\u001b[0m\n    \u001b[36m</p>\u001b[39m\n\n    Ignored nodes: comments, script, style\n    \u001b[36m<p\u001b[39m\n      \u001b[33mclass\u001b[39m=\u001b[32m\"font-bold\"\u001b[39m\n    \u001b[36m>\u001b[39m\n      \u001b[0mAlice Smith\u001b[0m\n    \u001b[36m</p>\u001b[39m\n\n    (If this is intentional, then use the `*AllBy*` variant of the query (like `queryAllByText`, `getAllByText`, or `findAllByText`)).\n\n    Ignored nodes: comments, script, style\n    \u001b[36m<body>\u001b[39m\n      \u001b[36m<div>\u001b[39m\n        \u001b[36m<div\u001b[39m\n          \u001b[33mdata-testid\u001b[39m=\u001b[32m\"tpo-layout\"\u001b[39m\n        \u001b[36m>\u001b[39m\n          \u001b[36m<div\u001b[39m\n            \u001b[33mclass\u001b[39m=\u001b[32m\"flex flex-col sm:flex-row sm:items-center justify-between gap-4 mb-8\"\u001b[39m\n          \u001b[36m>\u001b[39m\n            \u001b[36m<div\u001b[39m\n              \u001b[33mclass\u001b[39m=\u001b[32m\"flex flex-col gap-1\"\u001b[39m\n            \u001b[36m>\u001b[39m\n              \u001b[36m<h1\u001b[39m\n                \u001b[33mclass\u001b[39m=\u001b[32m\"text-2xl sm:text-3xl font-bold tracking-tight\"\u001b[39m\n              \u001b[36m>\u001b[39m\n                \u001b[0mStudents\u001b[0m\n              \u001b[36m</h1>\u001b[39m\n              \u001b[36m<p\u001b[39m\n                \u001b[33mclass\u001b[39m=\u001b[32m\"text-sm sm:text-base text-muted-foreground\"\u001b[39m\n              \u001b[36m>\u001b[39m\n                \u001b[0mManage and track student placement readiness.\u001b[0m\n              \u001b[36m</p>\u001b[39m\n            \u001b[36m</div>\u001b[39m\n            \u001b[36m<div\u001b[39m\n              \u001b[33mclass\u001b[39m=\u001b[32m\"flex items-center gap-3 shrink-0\"\u001b[39m\n            \u001b[36m>\u001b[39m\n              \u001b[36m<button\u001b[39m\n                \u001b[33mclass\u001b[39m=\u001b[32m\"group/button inline-flex items-center justify-center border bg-clip-padding text-sm font-medium whitespace-nowrap transition-all outline-none select-none focus-visible:border-ring focus-visible:ring-3 focus-visible:ring-ring/50 active:not-aria-[haspopup]:translate-y-px disabled:pointer-events-none disabled:opacity-50 aria-invalid:border-destructive aria-invalid:ring-3 aria-invalid:ring-destructive/20 dark:aria-invalid:border-destructive/50 dark:aria-invalid:ring-destructive/40 [&_svg]:pointer-events-none [&_svg]:shrink-0 [&_svg:not([class*='size-'])]:size-4 border-border bg-background hover:bg-muted hover:text-foreground aria-expanded:bg-muted aria-expanded:text-foreground dark:border-input dark:bg-input/30 dark:hover:bg-input/50 h-8 px-2.5 has-data-[icon=inline-end]:pr-2 has-data-[icon=inline-start]:pl-2 gap-2 shrink-0 rounded-xl\"\u001b[39m\n                \u001b[33mdata-slot\u001b[39m=\u001b[32m\"button\"\u001b[39m\n                \u001b[33mtabindex\u001b[39m=\u001b[32m\"0\"\u001b[39m\n                \u001b[33mtype\u001b[39m=\u001b[32m\"button\"\u001b[39m\n              \u001b[36m>\u001b[39m\n                \u001b[36m<svg\u001b[39m\n                  \u001b[33maria-hidden\u001b[39m=\u001b[32m\"true\"\u001b[39m\n                  \u001b[33mclass\u001b[39m=\u001b[32m\"lucide lucide-download h-4 w-4\"\u001b[39m\n                  \u001b[33mfill\u001b[39m=\u001b[32m\"none\"\u001b[39m\n                  \u001b[33mheight\u001b[39m=\u001b[32m\"24\"\u001b[39m\n                  \u001b[33mstroke\u001b[39m=\u001b[32m\"currentColor\"\u001b[39m\n                  \u001b[33mstroke-linecap\u001b[39m=\u001b[32m\"round\"\u001b[39m\n                  \u001b[33mstroke-linejoin\u001b[39m=\u001b[32m\"round\"\u001b[39m\n                  \u001b[33mstroke-width\u001b[39m=\u001b[32m\"2\"\u001b[39m\n                  \u001b[33mviewBox\u001b[39m=\u001b[32m\"0 0 24 24\"\u001b[39m\n                  \u001b[33mwidth\u001b[39m=\u001b[32m\"24\"\u001b[39m\n                  \u001b[33mxmlns\u001b[39m=\u001b[32m\"http://www.w3.org/2000/svg\"\u001b[39m\n                \u001b[36m>\u001b[39m\n                  \u001b[36m<path\u001b[39m\n                    \u001b[33md\u001b[39m=\u001b[32m\"M12 15V3\"\u001b[39m\n                  \u001b[36m/>\u001b[39m\n                  \u001b[36m<path\u001b[39m\n                    \u001b[33md\u001b[39m=\u001b[32m\"M21 15v4a2 2 0 0 1-2 2H5a2 2 0 0 1-2-2v-4\"\u001b[39m\n                  \u001b[36m/>\u001b[39m\n                  \u001b[36m<path\u001b[39m\n                    \u001b[33md\u001b[39m=\u001b[32m\"m7 10 5 5 5-5\"\u001b[39m\n                  \u001b[36m/>\u001b[39m\n                \u001b[36m</svg>\u001b[39m\n                \u001b[0m Export List\u001b[0m\n              \u001b[36m</button>\u001b[39m\n            \u001b[36m</div>\u001b[39m\n          \u001b[36m</div>\u001b[39m\n          \u001b[36m<div\u001b[39m\n            \u001b[33mclass\u001b[39m=\u001b[32m\"bg-background border rounded-xl shadow-sm flex flex-col overflow-hidden\"\u001b[39m\n          \u001b[36m>\u001b[39m\n            \u001b[36m<div\u001b[39m\n              \u001b[33mclass\u001b[39m=\u001b[32m\"p-4 border-b flex flex-col sm:flex-row items-center gap-4 justify-between bg-surface/50\"\u001b[39m\n            \u001b[36m>\u001b[39m\n              \u001b[36m<div\u001b[39m\n                \u001b[33mclass\u001b[39m=\u001b[32m\"relative w-full sm:max-w-md\"\u001b[39m\n              \u001b[36m>\u001b[39m\n                \u001b[36m<svg\u001b[39m\n                  \u001b[33maria-hidden\u001b[39m=\u001b[32m\"true\"\u001b[39m\n                  \u001b[33mclass\u001b[39m=\u001b[32m\"lucide lucide-search absolute left-3 top-1/2 -translate-y-1/2 h-4 w-4 text-muted-foreground\"\u001b[39m\n                  \u001b[33mfill\u001b[39m=\u001b[32m\"none\"\u001b[39m\n                  \u001b[33mheight\u001b[39m=\u001b[32m\"24\"\u001b[39m\n                  \u001b[33mstroke\u001b[39m=\u001b[32m\"currentColor\"\u001b[39m\n                  \u001b[33mstroke-linecap\u001b[39m=\u001b[32m\"round\"\u001b[39m\n                  \u001b[33mstroke-linejoin\u001b[39m=\u001b[32m\"round\"\u001b[39m\n                  \u001b[33mstroke-width\u001b[39m=\u001b[32m\"2\"\u001b[39m\n                  \u001b[33mviewBox\u001b[39m=\u001b[32m\"0 0 24 24\"\u001b[39m\n                  \u001b[33mwidth\u001b[39m=\u001b[32m\"24\"\u001b[39m\n                  \u001b[33mxmlns\u001b[39m=\u001b[32m\"http://www.w3.org/2000/svg\"\u001b[39m\n                \u001b[36m>\u001b[39m\n                  \u001b[36m<path\u001b[39m\n                    \u001b[33md\u001b[39m=\u001b[32m\"m21 21-4.34-4.34\"\u001b[39m\n                  \u001b[36m/>\u001b[39m\n                  \u001b[36m<circle\u001b[39m\n                    \u001b[33mcx\u001b[39m=\u001b[32m\"11\"\u001b[39m\n                    \u001b[33mcy\u001b[39m=\u001b[32m\"11\"\u001b[39m\n                    \u001b[33mr\u001b[39m=\u001b[32m\"8\"\u001b[39m\n                  \u001b[36m/>\u001b[39m\n                \u001b[36m</svg>\u001b[39m\n                \u001b[36m<input\u001b[39m\n                  \u001b[33maria-label\u001b[39m=\u001b[32m\"Search students\"\u001b[39m\n                  \u001b[33mclass\u001b[39m=\u001b[32m\"w-full min-w-0 border border-input bg-transparent px-2.5 py-1 text-base transition-colors outline-none file:inline-flex file:h-6 file:border-0 file:bg-transparent file:text-sm file:font-medium file:text-foreground placeholder:text-muted-foreground focus-visible:border-ring focus-visible:ring-3 focus-visible:ring-ring/50 disabled:pointer-events-none disabled:cursor-not-allowed disabled:bg-input/50 disabled:opacity-50 aria-invalid:border-destructive aria-invalid:ring-3 aria-invalid:ring-destructive/20 md:text-sm dark:bg-input/30 dark:disabled:bg-input/80 dark:aria-invalid:border-destructive/50 dark:aria-invalid:ring-destructive/40 pl-9 h-11 sm:h-10 rounded-xl\"\u001b[39m\n                  \u001b[33mdata-slot\u001b[39m=\u001b[32m\"input\"\u001b[39m\n                  \u001b[33mid\u001b[39m=\u001b[32m\"base-ui-_r_1_\"\u001b[39m\n                  \u001b[33mplaceholder\u001b[39m=\u001b[32m\"Search by name, email, or branch...\"\u001b[39m\n                  \u001b[33mvalue\u001b[39m=\u001b[32m\"Alice\"\u001b[39m\n                \u001b[36m/>\u001b[39m\n              \u001b[36m</div>\u001b[39m\n              \u001b[36m<div\u001b[39m\n                \u001b[33mclass\u001b[39m=\u001b[32m\"flex flex-wrap items-center gap-2 w-full sm:w-auto\"\u001b[39m\n              \u001b[36m>\u001b[39m\n                \u001b[36m<select\u001b[39m\n                  \u001b[33maria-label\u001b[39m=\u001b[32m\"Filter by branch\"\u001b[39m\n                  \u001b[33mclass\u001b[39m=\u001b[32m\"h-11 sm:h-10 w-full sm:w-auto rounded-xl border bg-background px-3 py-1 text-sm shadow-sm focus-visible:outline-none focus-visible:ring-2 focus-visible:ring-primary\"\u001b[39m\n                \u001b[36m>\u001b[39m\n                  \u001b[36m<option>\u001b[39m\n                    \u001b[0mAll Branches\u001b[0m\n                  \u001b[36m</option>\u001b[39m\n                  \u001b[36m<option>\u001b[39m\n                    \u001b[0mComputer Science\u001b[0m\n                  \u001b[36m</option>\u001b[39m\n                  \u001b[36m<option>\u001b[39m\n                    \u001b[0mInformation Technology\u001b[0m\n                  \u001b[36m</option>\u001b[39m\n                  \u001b[36m<option>\u001b[39m\n                    \u001b[0mElectronics\u001b[0m\n                  \u001b[36m</option>\u001b[39m\n                  \u001b[36m<option>\u001b[39m\n                    \u001b[0mMechanical\u001b[0m\n                  \u001b[36m</option>\u001b[39m\n                \u001b[36m</select>\u001b[39m\n                \u001b[36m<select\u001b[39m\n                  \u001b[33maria-label\u001b[39m=\u001b[32m\"Filter by status\"\u001b[39m\n                  \u001b[33mclass\u001b[39m=\u001b[32m\"h-11 sm:h-10 w-full sm:w-auto rounded-xl border bg-background px-3 py-1 text-sm shadow-sm focus-visible:outline-none focus-visible:...\n\n      55 |     // Search by name\n      56 |     await user.type(searchInput, 'Alice');\n    > 57 |     expect(screen.getByText('Alice Smith')).toBeInTheDocument();\n         |                   ^\n      58 |     expect(screen.queryByText('Bob Jones')).not.toBeInTheDocument();\n      59 |\n      60 |     await user.clear(searchInput);\n\n      at Object.getElementError (node_modules/.pnpm/@testing-library+dom@10.4.1/node_modules/@testing-library/dom/dist/config.js:37:19)\n      at getElementError (node_modules/.pnpm/@testing-library+dom@10.4.1/node_modules/@testing-library/dom/dist/query-helpers.js:20:35)\n      at getMultipleElementsFoundError (node_modules/.pnpm/@testing-library+dom@10.4.1/node_modules/@testing-library/dom/dist/query-helpers.js:23:10)\n      at node_modules/.pnpm/@testing-library+dom@10.4.1/node_modules/@testing-library/dom/dist/query-helpers.js:55:13\n      at node_modules/.pnpm/@testing-library+dom@10.4.1/node_modules/@testing-library/dom/dist/query-helpers.js:95:19\n      at Object.getByText (src/app/tpo/students/students.test.tsx:57:19)\n\n  ● TpoStudentsPage › displays empty state when no students match search criteria\n\n    TestingLibraryElementError: Found multiple elements with the text: Alice Smith\n\n    Here are the matching elements:\n\n    Ignored nodes: comments, script, style\n    \u001b[36m<p\u001b[39m\n      \u001b[33mclass\u001b[39m=\u001b[32m\"font-bold\"\u001b[39m\n    \u001b[36m>\u001b[39m\n      \u001b[0mAlice Smith\u001b[0m\n    \u001b[36m</p>\u001b[39m\n\n    Ignored nodes: comments, script, style\n    \u001b[36m<p\u001b[39m\n      \u001b[33mclass\u001b[39m=\u001b[32m\"font-bold\"\u001b[39m\n    \u001b[36m>\u001b[39m\n      \u001b[0mAlice Smith\u001b[0m\n    \u001b[36m</p>\u001b[39m\n\n    (If this is intentional, then use the `*AllBy*` variant of the query (like `queryAllByText`, `getAllByText`, or `findAllByText`)).\n\n    Ignored nodes: comments, script, style\n    \u001b[36m<body>\u001b[39m\n      \u001b[36m<div>\u001b[39m\n        \u001b[36m<div\u001b[39m\n          \u001b[33mdata-testid\u001b[39m=\u001b[32m\"tpo-layout\"\u001b[39m\n        \u001b[36m>\u001b[39m\n          \u001b[36m<div\u001b[39m\n            \u001b[33mclass\u001b[39m=\u001b[32m\"flex flex-col sm:flex-row sm:items-center justify-between gap-4 mb-8\"\u001b[39m\n          \u001b[36m>\u001b[39m\n            \u001b[36m<div\u001b[39m\n              \u001b[33mclass\u001b[39m=\u001b[32m\"flex flex-col gap-1\"\u001b[39m\n            \u001b[36m>\u001b[39m\n              \u001b[36m<h1\u001b[39m\n                \u001b[33mclass\u001b[39m=\u001b[32m\"text-2xl sm:text-3xl font-bold tracking-tight\"\u001b[39m\n              \u001b[36m>\u001b[39m\n                \u001b[0mStudents\u001b[0m\n              \u001b[36m</h1>\u001b[39m\n              \u001b[36m<p\u001b[39m\n                \u001b[33mclass\u001b[39m=\u001b[32m\"text-sm sm:text-base text-muted-foreground\"\u001b[39m\n              \u001b[36m>\u001b[39m\n                \u001b[0mManage and track student placement readiness.\u001b[0m\n              \u001b[36m</p>\u001b[39m\n            \u001b[36m</div>\u001b[39m\n            \u001b[36m<div\u001b[39m\n              \u001b[33mclass\u001b[39m=\u001b[32m\"flex items-center gap-3 shrink-0\"\u001b[39m\n            \u001b[36m>\u001b[39m\n              \u001b[36m<button\u001b[39m\n                \u001b[33mclass\u001b[39m=\u001b[32m\"group/button inline-flex items-center justify-center border bg-clip-padding text-sm font-medium whitespace-nowrap transition-all outline-none select-none focus-visible:border-ring focus-visible:ring-3 focus-visible:ring-ring/50 active:not-aria-[haspopup]:translate-y-px disabled:pointer-events-none disabled:opacity-50 aria-invalid:border-destructive aria-invalid:ring-3 aria-invalid:ring-destructive/20 dark:aria-invalid:border-destructive/50 dark:aria-invalid:ring-destructive/40 [&_svg]:pointer-events-none [&_svg]:shrink-0 [&_svg:not([class*='size-'])]:size-4 border-border bg-background hover:bg-muted hover:text-foreground aria-expanded:bg-muted aria-expanded:text-foreground dark:border-input dark:bg-input/30 dark:hover:bg-input/50 h-8 px-2.5 has-data-[icon=inline-end]:pr-2 has-data-[icon=inline-start]:pl-2 gap-2 shrink-0 rounded-xl\"\u001b[39m\n                \u001b[33mdata-slot\u001b[39m=\u001b[32m\"button\"\u001b[39m\n                \u001b[33mtabindex\u001b[39m=\u001b[32m\"0\"\u001b[39m\n                \u001b[33mtype\u001b[39m=\u001b[32m\"button\"\u001b[39m\n              \u001b[36m>\u001b[39m\n                \u001b[36m<svg\u001b[39m\n                  \u001b[33maria-hidden\u001b[39m=\u001b[32m\"true\"\u001b[39m\n                  \u001b[33mclass\u001b[39m=\u001b[32m\"lucide lucide-download h-4 w-4\"\u001b[39m\n                  \u001b[33mfill\u001b[39m=\u001b[32m\"none\"\u001b[39m\n                  \u001b[33mheight\u001b[39m=\u001b[32m\"24\"\u001b[39m\n                  \u001b[33mstroke\u001b[39m=\u001b[32m\"currentColor\"\u001b[39m\n                  \u001b[33mstroke-linecap\u001b[39m=\u001b[32m\"round\"\u001b[39m\n                  \u001b[33mstroke-linejoin\u001b[39m=\u001b[32m\"round\"\u001b[39m\n                  \u001b[33mstroke-width\u001b[39m=\u001b[32m\"2\"\u001b[39m\n                  \u001b[33mviewBox\u001b[39m=\u001b[32m\"0 0 24 24\"\u001b[39m\n                  \u001b[33mwidth\u001b[39m=\u001b[32m\"24\"\u001b[39m\n                  \u001b[33mxmlns\u001b[39m=\u001b[32m\"http://www.w3.org/2000/svg\"\u001b[39m\n                \u001b[36m>\u001b[39m\n                  \u001b[36m<path\u001b[39m\n                    \u001b[33md\u001b[39m=\u001b[32m\"M12 15V3\"\u001b[39m\n                  \u001b[36m/>\u001b[39m\n                  \u001b[36m<path\u001b[39m\n                    \u001b[33md\u001b[39m=\u001b[32m\"M21 15v4a2 2 0 0 1-2 2H5a2 2 0 0 1-2-2v-4\"\u001b[39m\n                  \u001b[36m/>\u001b[39m\n                  \u001b[36m<path\u001b[39m\n                    \u001b[33md\u001b[39m=\u001b[32m\"m7 10 5 5 5-5\"\u001b[39m\n                  \u001b[36m/>\u001b[39m\n                \u001b[36m</svg>\u001b[39m\n                \u001b[0m Export List\u001b[0m\n              \u001b[36m</button>\u001b[39m\n            \u001b[36m</div>\u001b[39m\n          \u001b[36m</div>\u001b[39m\n          \u001b[36m<div\u001b[39m\n            \u001b[33mclass\u001b[39m=\u001b[32m\"bg-background border rounded-xl shadow-sm flex flex-col overflow-hidden\"\u001b[39m\n          \u001b[36m>\u001b[39m\n            \u001b[36m<div\u001b[39m\n              \u001b[33mclass\u001b[39m=\u001b[32m\"p-4 border-b flex flex-col sm:flex-row items-center gap-4 justify-between bg-surface/50\"\u001b[39m\n            \u001b[36m>\u001b[39m\n              \u001b[36m<div\u001b[39m\n                \u001b[33mclass\u001b[39m=\u001b[32m\"relative w-full sm:max-w-md\"\u001b[39m\n              \u001b[36m>\u001b[39m\n                \u001b[36m<svg\u001b[39m\n                  \u001b[33maria-hidden\u001b[39m=\u001b[32m\"true\"\u001b[39m\n                  \u001b[33mclass\u001b[39m=\u001b[32m\"lucide lucide-search absolute left-3 top-1/2 -translate-y-1/2 h-4 w-4 text-muted-foreground\"\u001b[39m\n                  \u001b[33mfill\u001b[39m=\u001b[32m\"none\"\u001b[39m\n                  \u001b[33mheight\u001b[39m=\u001b[32m\"24\"\u001b[39m\n                  \u001b[33mstroke\u001b[39m=\u001b[32m\"currentColor\"\u001b[39m\n                  \u001b[33mstroke-linecap\u001b[39m=\u001b[32m\"round\"\u001b[39m\n                  \u001b[33mstroke-linejoin\u001b[39m=\u001b[32m\"round\"\u001b[39m\n                  \u001b[33mstroke-width\u001b[39m=\u001b[32m\"2\"\u001b[39m\n                  \u001b[33mviewBox\u001b[39m=\u001b[32m\"0 0 24 24\"\u001b[39m\n                  \u001b[33mwidth\u001b[39m=\u001b[32m\"24\"\u001b[39m\n                  \u001b[33mxmlns\u001b[39m=\u001b[32m\"http://www.w3.org/2000/svg\"\u001b[39m\n                \u001b[36m>\u001b[39m\n                  \u001b[36m<path\u001b[39m\n                    \u001b[33md\u001b[39m=\u001b[32m\"m21 21-4.34-4.34\"\u001b[39m\n                  \u001b[36m/>\u001b[39m\n                  \u001b[36m<circle\u001b[39m\n                    \u001b[33mcx\u001b[39m=\u001b[32m\"11\"\u001b[39m\n                    \u001b[33mcy\u001b[39m=\u001b[32m\"11\"\u001b[39m\n                    \u001b[33mr\u001b[39m=\u001b[32m\"8\"\u001b[39m\n                  \u001b[36m/>\u001b[39m\n                \u001b[36m</svg>\u001b[39m\n                \u001b[36m<input\u001b[39m\n                  \u001b[33maria-label\u001b[39m=\u001b[32m\"Search students\"\u001b[39m\n                  \u001b[33mclass\u001b[39m=\u001b[32m\"w-full min-w-0 border border-input bg-transparent px-2.5 py-1 text-base transition-colors outline-none file:inline-flex file:h-6 file:border-0 file:bg-transparent file:text-sm file:font-medium file:text-foreground placeholder:text-muted-foreground focus-visible:border-ring focus-visible:ring-3 focus-visible:ring-ring/50 disabled:pointer-events-none disabled:cursor-not-allowed disabled:bg-input/50 disabled:opacity-50 aria-invalid:border-destructive aria-invalid:ring-3 aria-invalid:ring-destructive/20 md:text-sm dark:bg-input/30 dark:disabled:bg-input/80 dark:aria-invalid:border-destructive/50 dark:aria-invalid:ring-destructive/40 pl-9 h-11 sm:h-10 rounded-xl\"\u001b[39m\n                  \u001b[33mdata-slot\u001b[39m=\u001b[32m\"input\"\u001b[39m\n                  \u001b[33mid\u001b[39m=\u001b[32m\"base-ui-_r_2_\"\u001b[39m\n                  \u001b[33mplaceholder\u001b[39m=\u001b[32m\"Search by name, email, or branch...\"\u001b[39m\n                  \u001b[33mvalue\u001b[39m=\u001b[32m\"\"\u001b[39m\n                \u001b[36m/>\u001b[39m\n              \u001b[36m</div>\u001b[39m\n              \u001b[36m<div\u001b[39m\n                \u001b[33mclass\u001b[39m=\u001b[32m\"flex flex-wrap items-center gap-2 w-full sm:w-auto\"\u001b[39m\n              \u001b[36m>\u001b[39m\n                \u001b[36m<select\u001b[39m\n                  \u001b[33maria-label\u001b[39m=\u001b[32m\"Filter by branch\"\u001b[39m\n                  \u001b[33mclass\u001b[39m=\u001b[32m\"h-11 sm:h-10 w-full sm:w-auto rounded-xl border bg-background px-3 py-1 text-sm shadow-sm focus-visible:outline-none focus-visible:ring-2 focus-visible:ring-primary\"\u001b[39m\n                \u001b[36m>\u001b[39m\n                  \u001b[36m<option>\u001b[39m\n                    \u001b[0mAll Branches\u001b[0m\n                  \u001b[36m</option>\u001b[39m\n                  \u001b[36m<option>\u001b[39m\n                    \u001b[0mComputer Science\u001b[0m\n                  \u001b[36m</option>\u001b[39m\n                  \u001b[36m<option>\u001b[39m\n                    \u001b[0mInformation Technology\u001b[0m\n                  \u001b[36m</option>\u001b[39m\n                  \u001b[36m<option>\u001b[39m\n                    \u001b[0mElectronics\u001b[0m\n                  \u001b[36m</option>\u001b[39m\n                  \u001b[36m<option>\u001b[39m\n                    \u001b[0mMechanical\u001b[0m\n                  \u001b[36m</option>\u001b[39m\n                \u001b[36m</select>\u001b[39m\n                \u001b[36m<select\u001b[39m\n                  \u001b[33maria-label\u001b[39m=\u001b[32m\"Filter by status\"\u001b[39m\n                  \u001b[33mclass\u001b[39m=\u001b[32m\"h-11 sm:h-10 w-full sm:w-auto rounded-xl border bg-background px-3 py-1 text-sm shadow-sm focus-visible:outline-none focus-visible:ring-...\n\n      79 |     await user.click(clearButton);\n      80 |\n    > 81 |     expect(screen.getByText('Alice Smith')).toBeInTheDocument();\n         |                   ^\n      82 |     expect(screen.getByText('Bob Jones')).toBeInTheDocument();\n      83 |   });\n      84 | });\n\n      at Object.getElementError (node_modules/.pnpm/@testing-library+dom@10.4.1/node_modules/@testing-library/dom/dist/config.js:37:19)\n      at getElementError (node_modules/.pnpm/@testing-library+dom@10.4.1/node_modules/@testing-library/dom/dist/query-helpers.js:20:35)\n      at getMultipleElementsFoundError (node_modules/.pnpm/@testing-library+dom@10.4.1/node_modules/@testing-library/dom/dist/query-helpers.js:23:10)\n      at node_modules/.pnpm/@testing-library+dom@10.4.1/node_modules/@testing-library/dom/dist/query-helpers.js:55:13\n      at node_modules/.pnpm/@testing-library+dom@10.4.1/node_modules/@testing-library/dom/dist/query-helpers.js:95:19\n      at Object.getByText (src/app/tpo/students/students.test.tsx:81:19)\n","name":"/Users/kirankishanraokendre/Documents/PROJECTS/Kredl/src/app/tpo/students/students.test.tsx","startTime":1783573891877,"status":"failed","summary":""},{"assertionResults":[{"ancestorTitles":["Admin Companies Page"],"duration":852,"failing":false,"failureDetails":[],"failureMessages":[],"fullName":"Admin Companies Page renders companies list","invocations":1,"location":null,"numPassingAsserts":2,"retryReasons":[],"startAt":1783573894409,"status":"passed","title":"renders companies list"},{"ancestorTitles":["Admin Companies Page"],"duration":966,"failing":false,"failureDetails":[{"name":"TestingLibraryElementError"}],"failureMessages":["TestingLibraryElementError: Found a label with the text of: /company name \\*/i, however no form control was found associated to that label. Make sure you're using the \"for\" attribute or \"aria-labelledby\" attribute correctly.\n\nIgnored nodes: comments, script, style\n\u001b[36m<body\u001b[39m\n  \u001b[33mstyle\u001b[39m=\u001b[32m\"position: relative; height: calc(100dvh - 784px); width: calc(100vw - 1040px); box-sizing: border-box; overflow: hidden; scroll-behavior: unset;\"\u001b[39m\n\u001b[36m>\u001b[39m\n  \u001b[36m<div\u001b[39m\n    \u001b[33maria-hidden\u001b[39m=\u001b[32m\"true\"\u001b[39m\n    \u001b[33mdata-base-ui-inert\u001b[39m=\u001b[32m\"\"\u001b[39m\n  \u001b[36m>\u001b[39m\n    \u001b[36m<div\u001b[39m\n      \u001b[33mclass\u001b[39m=\u001b[32m\"min-h-screen flex bg-background selection:bg-primary/20\"\u001b[39m\n    \u001b[36m>\u001b[39m\n      \u001b[36m<aside\u001b[39m\n        \u001b[33mclass\u001b[39m=\u001b[32m\"hidden lg:block w-64 shrink-0 fixed inset-y-0 z-20\"\u001b[39m\n      \u001b[36m>\u001b[39m\n        \u001b[36m<div\u001b[39m\n          \u001b[33mclass\u001b[39m=\u001b[32m\"flex flex-col h-full bg-surface border-r\"\u001b[39m\n        \u001b[36m>\u001b[39m\n          \u001b[36m<div\u001b[39m\n            \u001b[33mclass\u001b[39m=\u001b[32m\"h-16 flex items-center px-6 border-b shrink-0\"\u001b[39m\n          \u001b[36m>\u001b[39m\n            \u001b[36m<a\u001b[39m\n              \u001b[33mclass\u001b[39m=\u001b[32m\"flex items-center gap-2\"\u001b[39m\n              \u001b[33mhref\u001b[39m=\u001b[32m\"/admin\"\u001b[39m\n            \u001b[36m>\u001b[39m\n              \u001b[36m<div\u001b[39m\n                \u001b[33mclass\u001b[39m=\u001b[32m\"h-8 w-8 rounded bg-primary flex items-center justify-center text-primary-foreground font-bold text-lg\"\u001b[39m\n              \u001b[36m>\u001b[39m\n                \u001b[0mK\u001b[0m\n              \u001b[36m</div>\u001b[39m\n              \u001b[36m<span\u001b[39m\n                \u001b[33mclass\u001b[39m=\u001b[32m\"font-bold text-xl tracking-tight\"\u001b[39m\n              \u001b[36m>\u001b[39m\n                \u001b[0mKredl Admin\u001b[0m\n              \u001b[36m</span>\u001b[39m\n            \u001b[36m</a>\u001b[39m\n          \u001b[36m</div>\u001b[39m\n          \u001b[36m<nav\u001b[39m\n            \u001b[33mclass\u001b[39m=\u001b[32m\"flex-1 overflow-y-auto py-6 px-4 space-y-1\"\u001b[39m\n          \u001b[36m>\u001b[39m\n            \u001b[36m<a\u001b[39m\n              \u001b[33mclass\u001b[39m=\u001b[32m\"flex items-center gap-3 px-3 py-2.5 rounded-lg transition-colors font-medium text-sm text-muted-foreground hover:bg-muted/50 hover:text-foreground\"\u001b[39m\n              \u001b[33mhref\u001b[39m=\u001b[32m\"/admin\"\u001b[39m\n            \u001b[36m>\u001b[39m\n              \u001b[36m<svg\u001b[39m\n                \u001b[33maria-hidden\u001b[39m=\u001b[32m\"true\"\u001b[39m\n                \u001b[33mclass\u001b[39m=\u001b[32m\"lucide lucide-layout-dashboard h-5 w-5 text-muted-foreground\"\u001b[39m\n                \u001b[33mfill\u001b[39m=\u001b[32m\"none\"\u001b[39m\n                \u001b[33mheight\u001b[39m=\u001b[32m\"24\"\u001b[39m\n                \u001b[33mstroke\u001b[39m=\u001b[32m\"currentColor\"\u001b[39m\n                \u001b[33mstroke-linecap\u001b[39m=\u001b[32m\"round\"\u001b[39m\n                \u001b[33mstroke-linejoin\u001b[39m=\u001b[32m\"round\"\u001b[39m\n                \u001b[33mstroke-width\u001b[39m=\u001b[32m\"2\"\u001b[39m\n                \u001b[33mviewBox\u001b[39m=\u001b[32m\"0 0 24 24\"\u001b[39m\n                \u001b[33mwidth\u001b[39m=\u001b[32m\"24\"\u001b[39m\n                \u001b[33mxmlns\u001b[39m=\u001b[32m\"http://www.w3.org/2000/svg\"\u001b[39m\n              \u001b[36m>\u001b[39m\n                \u001b[36m<rect\u001b[39m\n                  \u001b[33mheight\u001b[39m=\u001b[32m\"9\"\u001b[39m\n                  \u001b[33mrx\u001b[39m=\u001b[32m\"1\"\u001b[39m\n                  \u001b[33mwidth\u001b[39m=\u001b[32m\"7\"\u001b[39m\n                  \u001b[33mx\u001b[39m=\u001b[32m\"3\"\u001b[39m\n                  \u001b[33my\u001b[39m=\u001b[32m\"3\"\u001b[39m\n                \u001b[36m/>\u001b[39m\n                \u001b[36m<rect\u001b[39m\n                  \u001b[33mheight\u001b[39m=\u001b[32m\"5\"\u001b[39m\n                  \u001b[33mrx\u001b[39m=\u001b[32m\"1\"\u001b[39m\n                  \u001b[33mwidth\u001b[39m=\u001b[32m\"7\"\u001b[39m\n                  \u001b[33mx\u001b[39m=\u001b[32m\"14\"\u001b[39m\n                  \u001b[33my\u001b[39m=\u001b[32m\"3\"\u001b[39m\n                \u001b[36m/>\u001b[39m\n                \u001b[36m<rect\u001b[39m\n                  \u001b[33mheight\u001b[39m=\u001b[32m\"9\"\u001b[39m\n                  \u001b[33mrx\u001b[39m=\u001b[32m\"1\"\u001b[39m\n                  \u001b[33mwidth\u001b[39m=\u001b[32m\"7\"\u001b[39m\n                  \u001b[33mx\u001b[39m=\u001b[32m\"14\"\u001b[39m\n                  \u001b[33my\u001b[39m=\u001b[32m\"12\"\u001b[39m\n                \u001b[36m/>\u001b[39m\n                \u001b[36m<rect\u001b[39m\n                  \u001b[33mheight\u001b[39m=\u001b[32m\"5\"\u001b[39m\n                  \u001b[33mrx\u001b[39m=\u001b[32m\"1\"\u001b[39m\n                  \u001b[33mwidth\u001b[39m=\u001b[32m\"7\"\u001b[39m\n                  \u001b[33mx\u001b[39m=\u001b[32m\"3\"\u001b[39m\n                  \u001b[33my\u001b[39m=\u001b[32m\"16\"\u001b[39m\n                \u001b[36m/>\u001b[39m\n              \u001b[36m</svg>\u001b[39m\n              \u001b[0mDashboard\u001b[0m\n            \u001b[36m</a>\u001b[39m\n            \u001b[36m<a\u001b[39m\n              \u001b[33mclass\u001b[39m=\u001b[32m\"flex items-center gap-3 px-3 py-2.5 rounded-lg transition-colors font-medium text-sm text-muted-foreground hover:bg-muted/50 hover:text-foreground\"\u001b[39m\n              \u001b[33mhref\u001b[39m=\u001b[32m\"/admin/users\"\u001b[39m\n            \u001b[36m>\u001b[39m\n              \u001b[36m<svg\u001b[39m\n                \u001b[33maria-hidden\u001b[39m=\u001b[32m\"true\"\u001b[39m\n                \u001b[33mclass\u001b[39m=\u001b[32m\"lucide lucide-users h-5 w-5 text-muted-foreground\"\u001b[39m\n                \u001b[33mfill\u001b[39m=\u001b[32m\"none\"\u001b[39m\n                \u001b[33mheight\u001b[39m=\u001b[32m\"24\"\u001b[39m\n                \u001b[33mstroke\u001b[39m=\u001b[32m\"currentColor\"\u001b[39m\n                \u001b[33mstroke-linecap\u001b[39m=\u001b[32m\"round\"\u001b[39m\n                \u001b[33mstroke-linejoin\u001b[39m=\u001b[32m\"round\"\u001b[39m\n                \u001b[33mstroke-width\u001b[39m=\u001b[32m\"2\"\u001b[39m\n                \u001b[33mviewBox\u001b[39m=\u001b[32m\"0 0 24 24\"\u001b[39m\n                \u001b[33mwidth\u001b[39m=\u001b[32m\"24\"\u001b[39m\n                \u001b[33mxmlns\u001b[39m=\u001b[32m\"http://www.w3.org/2000/svg\"\u001b[39m\n              \u001b[36m>\u001b[39m\n                \u001b[36m<path\u001b[39m\n                  \u001b[33md\u001b[39m=\u001b[32m\"M16 21v-2a4 4 0 0 0-4-4H6a4 4 0 0 0-4 4v2\"\u001b[39m\n                \u001b[36m/>\u001b[39m\n                \u001b[36m<path\u001b[39m\n                  \u001b[33md\u001b[39m=\u001b[32m\"M16 3.128a4 4 0 0 1 0 7.744\"\u001b[39m\n                \u001b[36m/>\u001b[39m\n                \u001b[36m<path\u001b[39m\n                  \u001b[33md\u001b[39m=\u001b[32m\"M22 21v-2a4 4 0 0 0-3-3.87\"\u001b[39m\n                \u001b[36m/>\u001b[39m\n                \u001b[36m<circle\u001b[39m\n                  \u001b[33mcx\u001b[39m=\u001b[32m\"9\"\u001b[39m\n                  \u001b[33mcy\u001b[39m=\u001b[32m\"7\"\u001b[39m\n                  \u001b[33mr\u001b[39m=\u001b[32m\"4\"\u001b[39m\n                \u001b[36m/>\u001b[39m\n              \u001b[36m</svg>\u001b[39m\n              \u001b[0mUsers\u001b[0m\n            \u001b[36m</a>\u001b[39m\n            \u001b[36m<a\u001b[39m\n              \u001b[33mclass\u001b[39m=\u001b[32m\"flex items-center gap-3 px-3 py-2.5 rounded-lg transition-colors font-medium text-sm text-muted-foreground hover:bg-muted/50 hover:text-foreground\"\u001b[39m\n              \u001b[33mhref\u001b[39m=\u001b[32m\"/admin/courses\"\u001b[39m\n            \u001b[36m>\u001b[39m\n              \u001b[36m<svg\u001b[39m\n                \u001b[33maria-hidden\u001b[39m=\u001b[32m\"true\"\u001b[39m\n                \u001b[33mclass\u001b[39m=\u001b[32m\"lucide lucide-library h-5 w-5 text-muted-foreground\"\u001b[39m\n                \u001b[33mfill\u001b[39m=\u001b[32m\"none\"\u001b[39m\n                \u001b[33mheight\u001b[39m=\u001b[32m\"24\"\u001b[39m\n                \u001b[33m
[...]
y\u001b[39m=\u001b[32m\"12\"\u001b[39m\n                    \u001b[36m/>\u001b[39m\n                    \u001b[36m<rect\u001b[39m\n                      \u001b[33mheight\u001b[39m=\u001b[32m\"5\"\u001b[39m\n                      \u001b[33mrx\u001b[39m=\u001b[32m\"1\"\u001b[39m\n                      \u001b[33mwidth\u001b[39m=\u001b[32m\"7\"\u001b[39m\n                      \u001b[33mx\u001b[39m=\u001b[32m\"3\"\u001b[39m\n                      \u001b[33my\u001b[39m=\u001b[32m\"16\"\u001b[39m\n                    \u001b[36m/>\u001b[39m\n                  \u001b[36m</svg>\u001b[39m\n                  \u001b[0mDashboard\u001b[0m\n                \u001b[36m</a>\u001b[39m\n                \u001b[36m<a\u001b[39m\n                  \u001b[33mclass\u001b[39m=\u001b[32m\"flex items-center gap-3 px-3 py-2.5 rounded-lg transition-colors font-medium text-sm text-muted-foreground hover:bg-muted/50 hover:text-foreground\"\u001b[39m\n                  \u001b[33mhref\u001b[39m=\u001b[32m\"/admin/users\"\u001b[39m\n                \u001b[36m>\u001b[39m\n                  \u001b[36m<svg\u001b[39m\n                    \u001b[33maria-hidden\u001b[39m=\u001b[32m\"true\"\u001b[39m\n                    \u001b[33mclass\u001b[39m=\u001b[32m\"lucide lucide-users h-5 w-5 text-muted-foreground\"\u001b[39m\n                    \u001b[33mfill\u001b[39m=\u001b[32m\"none\"\u001b[39m\n                    \u001b[33mheight\u001b[39m=\u001b[32m\"24\"\u001b[39m\n                    \u001b[33mstroke\u001b[39m=\u001b[32m\"currentColor\"\u001b[39m\n                    \u001b[33mstroke-linecap\u001b[39m=\u001b[32m\"round\"\u001b[39m\n                    \u001b[33mstroke-linejoin\u001b[39m=\u001b[32m\"round\"\u001b[39m\n                    \u001b[33mstroke-width\u001b[39m=\u001b[32m\"2\"\u001b[39m\n                    \u001b[33mviewBox\u001b[39m=\u001b[32m\"0 0 24 24\"\u001b[39m\n                    \u001b[33mwidth\u001b[39m=\u001b[32m\"24\"\u001b[39m\n                    \u001b[33mxmlns\u001b[39m=\u001b[32m\"http://www.w3.org/2000/svg\"\u001b[39m\n                  \u001b[36m>\u001b[39m\n                    \u001b[36m<path\u001b[39m\n                      \u001b[33md\u001b[39m=\u001b[32m\"M16 21v-2a4 4 0 0 0-4-4H6a4 4 0 0 0-4 4v2\"\u001b[39m\n                    \u001b[36m/>\u001b[39m\n                    \u001b[36m<path\u001b[39m\n                      \u001b[33md\u001b[39m=\u001b[32m\"M16 3.128a4 4 0 0 1 0 7.744\"\u001b[39m\n                    \u001b[36m/>\u001b[39m\n                    \u001b[36m<path\u001b[39m\n                      \u001b[33md\u001b[39m=\u001b[32m\"M22 21v-2a4 4 0 0 0-3-3.87\"\u001b[39m\n                    \u001b[36m/>\u001b[39m\n                    \u001b[36m<circle\u001b[39m\n                      \u001b[33mcx\u001b[39m=\u001b[32m\"9\"\u001b[39m\n                      \u001b[33mcy\u001b[39m=\u001b[32m\"7\"\u001b[39m\n                      \u001b[33mr\u001b[39m=\u001b[32m\"4\"\u001b[39m\n                    \u001b[36m/>\u001b[39m\n                  \u001b[36m</svg>\u001b[39m\n                  \u001b[0mUsers\u001b[0m\n                \u001b[36m</a>\u001b[39m\n                \u001b[36m<a\u001b[39m\n                  \u001b[33mclass\u001b[39m=\u001b[32m\"flex items-center gap-3 px-3 py-2.5 rounded-lg transition-colors font-medium text-sm text-muted-foreground hover:bg-muted/50 hover:text-foreground\"\u001b[39m\n                  \u001b[33mhref\u001b[39m=\u001b[32m\"/admin/courses\"\u001b[39m\n                \u001b[36m>\u001b[39m\n                  \u001b[36m<svg\u001b[39m\n                    \u001b[33maria-hidden\u001b[39m=\u001b[32m\"true\"\u001b[39m\n                    \u001b[33mclass\u001b[39m=\u001b[32m\"lucide lucide-library h-5 w-5 text-muted-foreground\"\u001b[39m\n                    \u001b[33mfill\u001b[39m=\u001b[32m\"none\"\u001b[39m\n                    \u001b[33mheight\u001b[39m=\u001b[32m\"24\"\u001b[39m\n                    \u001b[33mstroke\u001b[39m=\u001b[32m\"currentColor\"\u001b[39m\n                    \u001b[33mstroke-linecap\u001b[39m=\u001b[32m\"round\"\u001b[39m\n                    \u001b[33mstroke-linejoin\u001b[39m=\u001b[32m\"round\"\u001b[39m\n                    \u001b[33mstroke-width\u001b[39m=\u001b[32m\"2\"\u001b[39m\n                    \u001b[33mviewBox\u001b[39m=\u001b[32m\"0 0 24 24\"\u001b[39m\n                    \u001b[33mwidth\u001b[39m=\u001b[32m\"24\"\u001b[39m\n                    \u001b[33mxmlns\u001b[39m=\u001b[32m\"http://www.w3.org/2000/svg\"\u001b[39m\n                  \u001b[36m>\u001b[39m\n                    \u001b[36m<path\u001b[39m\n                      \u001b[33md\u001b[39m=\u001b[32m\"m16 6 4 14\"\u001b[39m\n                    \u001b[36m/>\u001b[39m\n                    \u001b[36m<path\u001b[39m\n                      \u001b[33md\u001b[39m=\u001b[32m\"M12 6v14\"\u001b[39m\n                    \u001b[36m/>\u001b[39m\n                    \u001b[36m<path\u001b[39m\n                      \u001b[33md\u001b[39m=\u001b[32m\"M8 8v12\"\u001b[39m\n                    \u001b[36m/>\u001b[39m\n                    \u001b[36m<path\u001b[39m\n                      \u001b[33md\u001b[39m=\u001b[32m\"M4 4v16\"\u001b[39m\n                    \u001b[36m/>\u001b[39m\n                  \u001b[36m</svg>\u001b[39m\n                  \u001b[0mCourses\u001b[0m\n                \u001b[36m</a>\u001b[39m\n                \u001b[36m<a\u001b[39m\n                  \u001b[33mclass\u001b[39m=\u001b[32m\"flex items-center gap-3 px-3 py-2.5 rounded-lg transition-colors font-medium text-sm text-muted-foreground hov...\n\n      207 |     renderWithProviders(<AdminJobRolesPage />);\n      208 |\n    > 209 |     await waitFor(() => {\n          |                  ^\n      210 |       expect(screen.getByText('Software Engineer')).toBeInTheDocument();\n      211 |     });\n      212 |\n\n      at waitForWrapper (node_modules/.pnpm/@testing-library+dom@10.4.1/node_modules/@testing-library/dom/dist/wait-for.js:163:27)\n      at Object.<anonymous> (src/app/admin/job-roles/job-roles.test.tsx:209:18)\n","name":"/Users/kirankishanraokendre/Documents/PROJECTS/Kredl/src/app/admin/job-roles/job-roles.test.tsx","startTime":1783573891883,"status":"failed","summary":""},{"assertionResults":[{"ancestorTitles":["Admin Analytics Page"],"duration":310,"failing":false,"failureDetails":[],"failureMessages":[],"fullName":"Admin Analytics Page renders quizzes analytics correctly","invocations":1,"location":null,"numPassingAsserts":3,"retryReasons":[],"startAt":1783573898681,"status":"passed","title":"renders quizzes analytics correctly"},{"ancestorTitles":["Admin Analytics Page"],"duration":315,"failing":false,"failureDetails":[],"failureMessages":[],"fullName":"Admin Analytics Page switches to questions tab and renders correctly","invocations":1,"location":null,"numPassingAsserts":3,"retryReasons":[],"startAt":1783573898994,"status":"passed","title":"switches to questions tab and renders correctly"},{"ancestorTitles":["Admin Analytics Page"],"duration":1416,"failing":false,"failureDetails":[],"failureMessages":[],"fullName":"Admin Analytics Page filters quizzes based on search query","invocations":1,"location":null,"numPassingAsserts":2,"retryReasons":[],"startAt":1783573899309,"status":"passed","title":"filters quizzes based on search query"}],"endTime":1783573900727,"message":"","name":"/Users/kirankishanraokendre/Documents/PROJECTS/Kredl/src/app/admin/analytics/analytics.test.tsx","startTime":1783573897773,"status":"passed","summary":""},{"assertionResults":[{"ancestorTitles":["Admin Dashboard"],"duration":346,"failing":false,"failureDetails":[],"failureMessages":[],"fullName":"Admin Dashboard renders loading state initially","invocations":1,"location":null,"numPassingAsserts":2,"retryReasons":[],"startAt":1783573900088,"status":"passed","title":"renders loading state initially"},{"ancestorTitles":["Admin Dashboard"],"duration":354,"failing":false,"failureDetails":[],"failureMessages":[],"fullName":"Admin Dashboard renders stats, recent activity, and system status correctly","invocations":1,"location":null,"numPassingAsserts":10,"retryReasons":[],"startAt":1783573900437,"status":"passed","title":"renders stats, recent activity, and system status correctly"},{"ancestorTitles":["Admin Dashboard"],"duration":228,"failing":false,"failureDetails":[],"failureMessages":[],"fullName":"Admin Dashboard renders empty recent activity","invocations":1,"location":null,"numPassingAsserts":1,"retryReasons":[],"startAt":1783573900791,"status":"passed","title":"renders empty recent activity"},{"ancestorTitles":["Admin Dashboard"],"duration":430,"failing":false,"failureDetails":[],"failureMessages":[],"fullName":"Admin Dashboard renders error state and handles retry","invocations":1,"location":null,"numPassingAsserts":4,"retryReasons":[],"startAt":1783573901019,"status":"passed","title":"renders error state and handles retry"}],"endTime":1783573901452,"message":"","name":"/Users/kirankishanraokendre/Documents/PROJECTS/Kredl/src/app/admin/admin-dashboard.test.tsx","startTime":1783573899182,"status":"passed","summary":""},{"assertionResults":[{"ancestorTitles":["TpoDrivesPage"],"duration":210,"failing":false,"failureDetails":[],"failureMessages":[],"fullName":"TpoDrivesPage renders the drives page with initial mock data","invocations":1,"location":null,"numPassingAsserts":3,"retryReasons":[],"startAt":1783573900389,"status":"passed","title":"renders the drives page with initial mock data"},{"ancestorTitles":["TpoDrivesPage"],"duration":973,"failing":false,"failureDetails":[],"failureMessages":[],"fullName":"TpoDrivesPage filters drives by search query (companyName or role)","invocations":1,"location":null,"numPassingAsserts":4,"retryReasons":[],"startAt":1783573900600,"status":"passed","title":"filters drives by search query (companyName or role)"},{"ancestorTitles":["TpoDrivesPage"],"duration":461,"failing":false,"failureDetails":[],"failureMessages":[],"fullName":"TpoDrivesPage displays empty state when no drives match search criteria","invocations":1,"location":null,"numPassingAsserts":3,"retryReasons":[],"startAt":1783573901574,"status":"passed","title":"displays empty state when no drives match search criteria"}],"endTime":1783573902044,"message":"","name":"/Users/kirankishanraokendre/Documents/PROJECTS/Kredl/src/app/tpo/drives/drives.test.tsx","startTime":1783573899664,"status":"passed","summary":""},{"assertionResults":[{"ancestorTitles":["Admin Users Page"],"duration":239,"failing":false,"failureDetails":[],"failureMessages":[],"fullName":"Admin Users Page renders loading state initially","invocations":1,"location":null,"numPassingAsserts":1,"retryReasons":[],"startAt":1783573899322,"status":"passed","title":"renders loading state initially"},{"ancestorTitles":["Admin Users Page"],"duration":278,"failing":false,"failureDetails":[],"failureMessages":[],"fullName":"Admin Users Page renders the users table with data","invocations":1,"location":null,"numPassingAsserts":3,"retryReasons":[],"startAt":1783573899562,"status":"passed","title":"renders the users table with data"},{"ancestorTitles":["Admin Users Page"],"duration":1049,"failing":false,"failureDetails":[],"failureMessages":[],"fullName":"Admin Users Page handles search input","invocations":1,"location":null,"numPassingAsserts":1,"retryReasons":[],"startAt":1783573899840,"status":"passed","title":"handles search input"},{"ancestorTitles":["Admin Users Page"],"duration":160,"failing":false,"failureDetails":[],"failureMessages":[],"fullName":"Admin Users Page handles empty state","invocations":1,"location":null,"numPassingAsserts":1,"retryReasons":[],"startAt":1783573900890,"status":"passed","title":"handles empty state"},{"ancestorTitles":["Admin Users Page"],"duration":299,"failing":false,"failureDetails":[],"failureMessages":[],"fullName":"Admin Users Page handles single user deletion","invocations":1,"location":null,"numPassingAsserts":3,"retryReasons":[],"startAt":1783573901050,"status":"passed","title":"handles single user deletion"},{"ancestorTitles":["Admin Users Page"],"duration":555,"failing":false,"failureDetails":[],"failureMessages":[],"fullName":"Admin Users Page handles bulk selection and deletion","invocations":1,"location":null,"numPassingAsserts":6,"retryReasons":[],"startAt":1783573901349,"status":"passed","title":"handles bulk selection and deletion"},{"ancestorTitles":["Admin Users Page"],"duration":1420,"failing":false,"failureDetails":[],"failureMessages":[],"fullName":"Admin Users Page handles pagination","invocations":1,"location":null,"numPassingAsserts":2,"retryReasons":[],"startAt":1783573901904,"status":"passed","title":"handles pagination"}],"endTime":1783573903332,"message":"","name":"/Users/kirankishanraokendre/Documents/PROJECTS/Kredl/src/app/admin/users/users.test.tsx","startTime":1783573898355,"status":"passed","summary":""},{"assertionResults":[{"ancestorTitles":["Admin Quizzes Page"],"duration":267,"failing":false,"failureDetails":[],"failureMessages":[],"fullName":"Admin Quizzes Page renders loading state initially","invocations":1,"location":null,"numPassingAsserts":0,"retryReasons":[],"startAt":1783573901697,"status":"passed","title":"renders loading state initially"},{"ancestorTitles":["Admin Quizzes Page"],"duration":1169,"failing":false,"failureDetails":[],"failureMessages":[],"fullName":"Admin Quizzes Page renders quizzes correctly","invocations":1,"location":null,"numPassingAsserts":1,"retryReasons":[],"startAt":1783573901965,"status":"passed","title":"renders quizzes correctly"},{"ancestorTitles":["Admin Quizzes Page"],"duration":374,"failing":false,"failureDetails":[],"failureMessages":[],"fullName":"Admin Quizzes Page shows empty state when no quizzes","invocations":1,"location":null,"numPassingAsserts":1,"retryReasons":[],"startAt":1783573903134,"status":"passed","title":"shows empty state when no quizzes"}],"endTime":1783573903511,"message":"","name":"/Users/kirankishanraokendre/Documents/PROJECTS/Kredl/src/app/admin/quizzes/quizzes.test.tsx","startTime":1783573900617,"status":"passed","summary":""},{"assertionResults":[{"ancestorTitles":["Admin Announcements Page"],"duration":335,"failing":false,"failureDetails":[],"failureMessages":[],"fullName":"Admin Announcements Page renders loading state initially","invocations":1,"location":null,"numPassingAsserts":0,"retryReasons":[],"startAt":1783573901760,"status":"passed","title":"renders loading state initially"},{"ancestorTitles":["Admin Announcements Page"],"duration":1263,"failing":false,"failureDetails":[],"failureMessages":[],"fullName":"Admin Announcements Page renders announcements correctly","invocations":1,"location":null,"numPassingAsserts":1,"retryReasons":[],"startAt":1783573902097,"status":"passed","title":"renders announcements correctly"},{"ancestorTitles":["Admin Announcements Page"],"duration":556,"failing":false,"failureDetails":[],"failureMessages":[],"fullName":"Admin Announcements Page shows empty state when no announcements","invocations":1,"location":null,"numPassingAsserts":1,"retryReasons":[],"startAt":1783573903360,"status":"passed","title":"shows empty state when no announcements"}],"endTime":1783573903918,"message":"","name":"/Users/kirankishanraokendre/Documents/PROJECTS/Kredl/src/app/admin/announcements/announcements.test.tsx","startTime":1783573900775,"status":"passed","summary":""},{"assertionResults":[{"ancestorTitles":["TPO Reports Page"],"duration":370,"failing":false,"failureDetails":[],"failureMessages":[],"fullName":"TPO Reports Page renders reports header and export button","invocations":1,"location":null,"numPassingAsserts":2,"retryReasons":[],"startAt":1783573903552,"status":"passed","title":"renders reports header and export button"}],"endTime":1783573903926,"message":"","name":"/Users/kirankishanraokendre/Documents/PROJECTS/Kredl/src/app/tpo/reports/reports.test.tsx","startTime":1783573901488,"status":"passed","summary":""},{"assertionResults":[{"ancestorTitles":["TPO Dashboard"],"duration":439,"failing":false,"failureDetails":[],"failureMessages":[],"fullName":"TPO Dashboard renders loading state initially","invocations":1,"location":null,"numPassingAsserts":3,"retryReasons":[],"startAt":1783573901415,"status":"passed","title":"renders loading state initially"},{"ancestorTitles":["TPO Dashboard"],"duration":1073,"failing":false,"failureDetails":[],"failureMessages":[],"fullName":"TPO Dashboard renders stats and recent activity correctly","invocations":1,"location":null,"numPassingAsserts":6,"retryReasons":[],"startAt":1783573901855,"status":"passed","title":"renders stats and recent activity correctly"},{"ancestorTitles":["TPO Dashboard"],"duration":490,"failing":false,"failureDetails":[],"failureMessages":[],"fullName":"TPO Dashboard renders empty recent activity","invocations":1,"location":null,"numPassingAsserts":1,"retryReasons":[],"startAt":1783573902928,"status":"passed","title":"renders empty recent activity"},{"ancestorTitles":["TPO Dashboard"],"duration":636,"failing":false,"failureDetails":[],"failureMessages":[],"fullName":"TPO Dashboard renders error state and handles retry","invocations":1,"location":null,"numPassingAsserts":4,"retryReasons":[],"startAt":1783573903418,"status":"passed","title":"renders error state and handles retry"}],"endTime":1783573904059,"message":"","name":"/Users/kirankishanraokendre/Documents/PROJECTS/Kredl/src/app/tpo/tpo-dashboard.test.tsx","startTime":1783573900382,"status":"passed","summary":""},{"assertionResults":[{"ancestorTitles":["TPO Announcements Page"],"duration":231,"failing":false,"failureDetails":[],"failureMessages":[],"fullName":"TPO Announcements Page renders announcements header and create button","invocations":1,"location":null,"numPassingAsserts":2,"retryReasons":[],"startAt":1783573904194,"status":"passed","title":"renders announcements header and create button"}],"endTime":1783573904442,"message":"","name":"/Users/kirankishanraokendre/Documents/PROJECTS/Kredl/src/app/tpo/announcements/announcements.test.tsx","startTime":1783573902076,"status":"passed","summary":""},{"assertionResults":[{"ancestorTitles":["Admin Courses Page"],"duration":609,"failing":false,"failureDetails":[],"failureMessages":[],"fullName":"Admin Courses Page renders courses list and stats","invocations":1,"location":null,"numPassingAsserts":5,"retryReasons":[],"startAt":1783573897046,"status":"passed","title":"renders courses list and stats"},{"ancestorTitles":["Admin Courses Page"],"duration":7843,"failing":false,"failureDetails":[],"failureMessages":[],"fullName":"Admin Courses Page opens create course dialog and submits form","invocations":1,"location":null,"numPassingAsserts":3,"retryReasons":[],"startAt":1783573897656,"status":"passed","title":"opens create course dialog and submits form"},{"ancestorTitles":["Admin Courses Page"],"duration":857,"failing":false,"failureDetails":[],"failureMessages":[],"fullName":"Admin Courses Page opens edit course dialog and submits form","invocations":1,"location":null,"numPassingAsserts":4,"retryReasons":[],"startAt":1783573905500,"status":"passed","title":"opens edit course dialog and submits form"},{"ancestorTitles":["Admin Courses Page"],"duration":176,"failing":false,"failureDetails":[],"failureMessages":[],"fullName":"Admin Courses Page opens delete confirmation and deletes course","invocations":1,"location":null,"numPassingAsserts":3,"retryReasons":[],"startAt":1783573906357,"status":"passed","title":"opens delete confirmation and deletes course"},{"ancestorTitles":["Admin Courses Page"],"duration":117,"failing":false,"failureDetails":[],"failureMessages":[],"fullName":"Admin Courses Page toggles publish status","invocations":1,"location":null,"numPassingAsserts":2,"retryReasons":[],"startAt":1783573906533,"status":"passed","title":"toggles publish status"}],"endTime":1783573906652,"message":"","name":"/Users/kirankishanraokendre/Documents/PROJECTS/Kredl/src/app/admin/courses/courses.test.tsx","startTime":1783573895762,"status":"passed","summary":""}],"wasInterrupted":false}
